[
  {
    "name": "benchmark/imdb/01a.benchmark",
    "iteration": 0,
  },
  {
    "name": "benchmark/imdb/01a.benchmark",
    "iteration": 1,
    "result": "correct",
    "time": 0.050471,
  },
  {
    "name": "benchmark/imdb/01a.benchmark",
    "iteration": 2,
    "result": "correct",
    "time": 0.050673,
  },
  {
    "name": "benchmark/imdb/01a.benchmark",
    "iteration": 3,
    "result": "correct",
    "time": 0.068233,
  },
  {
    "name": "benchmark/imdb/01a.benchmark",
    "iteration": 4,
    "result": "correct",
    "time": 0.04932,
  },
  {
    "name": "benchmark/imdb/01a.benchmark",
    "iteration": 5,
    "result": "correct",
    "time": 0.04927,
  },
  {
    "name": "benchmark/imdb/01b.benchmark",
    "iteration": 0,
  },
  {
    "name": "benchmark/imdb/01b.benchmark",
    "iteration": 1,
    "result": "correct",
    "time": 0.026022,
  },
  {
    "name": "benchmark/imdb/01b.benchmark",
    "iteration": 2,
    "result": "correct",
    "time": 0.037574,
  },
  {
    "name": "benchmark/imdb/01b.benchmark",
    "iteration": 3,
    "result": "correct",
    "time": 0.024994,
  },
  {
    "name": "benchmark/imdb/01b.benchmark",
    "iteration": 4,
    "result": "correct",
    "time": 0.025145,
  },
  {
    "name": "benchmark/imdb/01b.benchmark",
    "iteration": 5,
    "result": "correct",
    "time": 0.025492,
  },
  {
    "name": "benchmark/imdb/01c.benchmark",
    "iteration": 0,
  },
  {
    "name": "benchmark/imdb/01c.benchmark",
    "iteration": 1,
    "result": "correct",
    "time": 0.040959,
  },
  {
    "name": "benchmark/imdb/01c.benchmark",
    "iteration": 2,
    "result": "correct",
    "time": 0.025309,
  },
  {
    "name": "benchmark/imdb/01c.benchmark",
    "iteration": 3,
    "result": "correct",
    "time": 0.025449,
  },
  {
    "name": "benchmark/imdb/01c.benchmark",
    "iteration": 4,
    "result": "correct",
    "time": 0.024053,
  },
  {
    "name": "benchmark/imdb/01c.benchmark",
    "iteration": 5,
    "result": "correct",
    "time": 0.025005,
  },
  {
    "name": "benchmark/imdb/01d.benchmark",
    "iteration": 0,
  },
  {
    "name": "benchmark/imdb/01d.benchmark",
    "iteration": 1,
    "result": "correct",
    "time": 0.047718,
  },
  {
    "name": "benchmark/imdb/01d.benchmark",
    "iteration": 2,
    "result": "correct",
    "time": 0.032604,
  },
  {
    "name": "benchmark/imdb/01d.benchmark",
    "iteration": 3,
    "result": "correct",
    "time": 0.032369,
  },
  {
    "name": "benchmark/imdb/01d.benchmark",
    "iteration": 4,
    "result": "correct",
    "time": 0.033241,
  },
  {
    "name": "benchmark/imdb/01d.benchmark",
    "iteration": 5,
    "result": "correct",
    "time": 0.045938,
  },
  {
    "name": "benchmark/imdb/02a.benchmark",
    "iteration": 0,
  },
  {
    "name": "benchmark/imdb/02a.benchmark",
    "iteration": 1,
    "result": "correct",
    "time": 0.144435,
  },
  {
    "name": "benchmark/imdb/02a.benchmark",
    "iteration": 2,
    "result": "correct",
    "time": 0.139469,
  },
  {
    "name": "benchmark/imdb/02a.benchmark",
    "iteration": 3,
    "result": "correct",
    "time": 0.127416,
  },
  {
    "name": "benchmark/imdb/02a.benchmark",
    "iteration": 4,
    "result": "correct",
    "time": 0.147593,
  },
  {
    "name": "benchmark/imdb/02a.benchmark",
    "iteration": 5,
    "result": "correct",
    "time": 0.124204,
  },
  {
    "name": "benchmark/imdb/02b.benchmark",
    "iteration": 0,
  },
  {
    "name": "benchmark/imdb/02b.benchmark",
    "iteration": 1,
    "result": "correct",
    "time": 0.142022,
  },
  {
    "name": "benchmark/imdb/02b.benchmark",
    "iteration": 2,
    "result": "correct",
    "time": 0.120601,
  },
  {
    "name": "benchmark/imdb/02b.benchmark",
    "iteration": 3,
    "result": "correct",
    "time": 0.133274,
  },
  {
    "name": "benchmark/imdb/02b.benchmark",
    "iteration": 4,
    "result": "correct",
    "time": 0.131499,
  },
  {
    "name": "benchmark/imdb/02b.benchmark",
    "iteration": 5,
    "result": "correct",
    "time": 0.118376,
  },
  {
    "name": "benchmark/imdb/02c.benchmark",
    "iteration": 0,
  },
  {
    "name": "benchmark/imdb/02c.benchmark",
    "iteration": 1,
    "result": "correct",
    "time": 0.047753,
  },
  {
    "name": "benchmark/imdb/02c.benchmark",
    "iteration": 2,
    "result": "correct",
    "time": 0.035028,
  },
  {
    "name": "benchmark/imdb/02c.benchmark",
    "iteration": 3,
    "result": "correct",
    "time": 0.035154,
  },
  {
    "name": "benchmark/imdb/02c.benchmark",
    "iteration": 4,
    "result": "correct",
    "time": 0.034467,
  },
  {
    "name": "benchmark/imdb/02c.benchmark",
    "iteration": 5,
    "result": "correct",
    "time": 0.033983,
  },
  {
    "name": "benchmark/imdb/02d.benchmark",
    "iteration": 0,
  },
  {
    "name": "benchmark/imdb/02d.benchmark",
    "iteration": 1,
    "result": "correct",
    "time": 0.13972,
  },
  {
    "name": "benchmark/imdb/02d.benchmark",
    "iteration": 2,
    "result": "correct",
    "time": 0.131202,
  },
  {
    "name": "benchmark/imdb/02d.benchmark",
    "iteration": 3,
    "result": "correct",
    "time": 0.134811,
  },
  {
    "name": "benchmark/imdb/02d.benchmark",
    "iteration": 4,
    "result": "correct",
    "time": 0.136527,
  },
  {
    "name": "benchmark/imdb/02d.benchmark",
    "iteration": 5,
    "result": "correct",
    "time": 0.126139,
  },
  {
    "name": "benchmark/imdb/03a.benchmark",
    "iteration": 0,
  },
  {
    "name": "benchmark/imdb/03a.benchmark",
    "iteration": 1,
    "result": "correct",
    "time": 0.427045,
  },
  {
    "name": "benchmark/imdb/03a.benchmark",
    "iteration": 2,
    "result": "correct",
    "time": 0.432925,
  },
  {
    "name": "benchmark/imdb/03a.benchmark",
    "iteration": 3,
    "result": "correct",
    "time": 0.432645,
  },
  {
    "name": "benchmark/imdb/03a.benchmark",
    "iteration": 4,
    "result": "correct",
    "time": 0.430992,
  },
  {
    "name": "benchmark/imdb/03a.benchmark",
    "iteration": 5,
    "result": "correct",
    "time": 0.428168,
  },
  {
    "name": "benchmark/imdb/03b.benchmark",
    "iteration": 0,
  },
  {
    "name": "benchmark/imdb/03b.benchmark",
    "iteration": 1,
    "result": "correct",
    "time": 0.22041,
  },
  {
    "name": "benchmark/imdb/03b.benchmark",
    "iteration": 2,
    "result": "correct",
    "time": 0.225076,
  },
  {
    "name": "benchmark/imdb/03b.benchmark",
    "iteration": 3,
    "result": "correct",
    "time": 0.191715,
  },
  {
    "name": "benchmark/imdb/03b.benchmark",
    "iteration": 4,
    "result": "correct",
    "time": 0.188168,
  },
  {
    "name": "benchmark/imdb/03b.benchmark",
    "iteration": 5,
    "result": "correct",
    "time": 0.189463,
  },
  {
    "name": "benchmark/imdb/03c.benchmark",
    "iteration": 0,
  },
  {
    "name": "benchmark/imdb/03c.benchmark",
    "iteration": 1,
    "result": "correct",
    "time": 0.497106,
  },
  {
    "name": "benchmark/imdb/03c.benchmark",
    "iteration": 2,
    "result": "correct",
    "time": 0.501132,
  },
  {
    "name": "benchmark/imdb/03c.benchmark",
    "iteration": 3,
    "result": "correct",
    "time": 0.498569,
  },
  {
    "name": "benchmark/imdb/03c.benchmark",
    "iteration": 4,
    "result": "correct",
    "time": 0.531589,
  },
  {
    "name": "benchmark/imdb/03c.benchmark",
    "iteration": 5,
    "result": "correct",
    "time": 0.527931,
  },
  {
    "name": "benchmark/imdb/04a.benchmark",
    "iteration": 0,
  },
  {
    "name": "benchmark/imdb/04a.benchmark",
    "iteration": 1,
    "result": "correct",
    "time": 0.1499,
  },
  {
    "name": "benchmark/imdb/04a.benchmark",
    "iteration": 2,
    "result": "correct",
    "time": 0.147731,
  },
  {
    "name": "benchmark/imdb/04a.benchmark",
    "iteration": 3,
    "result": "correct",
    "time": 0.145918,
  },
  {
    "name": "benchmark/imdb/04a.benchmark",
    "iteration": 4,
    "result": "correct",
    "time": 0.151359,
  },
  {
    "name": "benchmark/imdb/04a.benchmark",
    "iteration": 5,
    "result": "correct",
    "time": 0.147054,
  },
  {
    "name": "benchmark/imdb/04b.benchmark",
    "iteration": 0,
  },
  {
    "name": "benchmark/imdb/04b.benchmark",
    "iteration": 1,
    "result": "correct",
    "time": 0.068648,
  },
  {
    "name": "benchmark/imdb/04b.benchmark",
    "iteration": 2,
    "result": "correct",
    "time": 0.068398,
  },
  {
    "name": "benchmark/imdb/04b.benchmark",
    "iteration": 3,
    "result": "correct",
    "time": 0.068618,
  },
  {
    "name": "benchmark/imdb/04b.benchmark",
    "iteration": 4,
    "result": "correct",
    "time": 0.071698,
  },
  {
    "name": "benchmark/imdb/04b.benchmark",
    "iteration": 5,
    "result": "correct",
    "time": 0.067581,
  },
  {
    "name": "benchmark/imdb/04c.benchmark",
    "iteration": 0,
  },
  {
    "name": "benchmark/imdb/04c.benchmark",
    "iteration": 1,
    "result": "correct",
    "time": 0.243548,
  },
  {
    "name": "benchmark/imdb/04c.benchmark",
    "iteration": 2,
    "result": "correct",
    "time": 0.242436,
  },
  {
    "name": "benchmark/imdb/04c.benchmark",
    "iteration": 3,
    "result": "correct",
    "time": 0.243949,
  },
  {
    "name": "benchmark/imdb/04c.benchmark",
    "iteration": 4,
    "result": "correct",
    "time": 0.239995,
  },
  {
    "name": "benchmark/imdb/04c.benchmark",
    "iteration": 5,
    "result": "correct",
    "time": 0.240026,
  },
  {
    "name": "benchmark/imdb/05a.benchmark",
    "iteration": 0,
  },
  {
    "name": "benchmark/imdb/05a.benchmark",
    "iteration": 1,
    "result": "correct",
    "time": 0.118793,
  },
  {
    "name": "benchmark/imdb/05a.benchmark",
    "iteration": 2,
    "result": "correct",
    "time": 0.118835,
  },
  {
    "name": "benchmark/imdb/05a.benchmark",
    "iteration": 3,
    "result": "correct",
    "time": 0.117086,
  },
  {
    "name": "benchmark/imdb/05a.benchmark",
    "iteration": 4,
    "result": "correct",
    "time": 0.117422,
  },
  {
    "name": "benchmark/imdb/05a.benchmark",
    "iteration": 5,
    "result": "correct",
    "time": 0.117825,
  },
  {
    "name": "benchmark/imdb/05b.benchmark",
    "iteration": 0,
  },
  {
    "name": "benchmark/imdb/05b.benchmark",
    "iteration": 1,
    "result": "correct",
    "time": 0.100965,
  },
  {
    "name": "benchmark/imdb/05b.benchmark",
    "iteration": 2,
    "result": "correct",
    "time": 0.100634,
  },
  {
    "name": "benchmark/imdb/05b.benchmark",
    "iteration": 3,
    "result": "correct",
    "time": 0.100044,
  },
  {
    "name": "benchmark/imdb/05b.benchmark",
    "iteration": 4,
    "result": "correct",
    "time": 0.100973,
  },
  {
    "name": "benchmark/imdb/05b.benchmark",
    "iteration": 5,
    "result": "correct",
    "time": 0.100104,
  },
  {
    "name": "benchmark/imdb/05c.benchmark",
    "iteration": 0,
  },
  {
    "name": "benchmark/imdb/05c.benchmark",
    "iteration": 1,
    "result": "correct",
    "time": 0.496548,
  },
  {
    "name": "benchmark/imdb/05c.benchmark",
    "iteration": 2,
    "result": "correct",
    "time": 0.498475,
  },
  {
    "name": "benchmark/imdb/05c.benchmark",
    "iteration": 3,
    "result": "correct",
    "time": 0.498838,
  },
  {
    "name": "benchmark/imdb/05c.benchmark",
    "iteration": 4,
    "result": "correct",
    "time": 0.497168,
  },
  {
    "name": "benchmark/imdb/05c.benchmark",
    "iteration": 5,
    "result": "correct",
    "time": 0.496482,
  },
  {
    "name": "benchmark/imdb/06a.benchmark",
    "iteration": 0,
  },
  {
    "name": "benchmark/imdb/06a.benchmark",
    "iteration": 1,
    "result": "correct",
    "time": 0.345301,
  },
  {
    "name": "benchmark/imdb/06a.benchmark",
    "iteration": 2,
    "result": "correct",
    "time": 0.344278,
  },
  {
    "name": "benchmark/imdb/06a.benchmark",
    "iteration": 3,
    "result": "correct",
    "time": 0.339779,
  },
  {
    "name": "benchmark/imdb/06a.benchmark",
    "iteration": 4,
    "result": "correct",
    "time": 0.337956,
  },
  {
    "name": "benchmark/imdb/06a.benchmark",
    "iteration": 5,
    "result": "correct",
    "time": 0.343578,
  },
  {
    "name": "benchmark/imdb/06b.benchmark",
    "iteration": 0,
  },
  {
    "name": "benchmark/imdb/06b.benchmark",
    "iteration": 1,
    "result": "correct",
    "time": 0.183569,
  },
  {
    "name": "benchmark/imdb/06b.benchmark",
    "iteration": 2,
    "result": "correct",
    "time": 0.182493,
  },
  {
    "name": "benchmark/imdb/06b.benchmark",
    "iteration": 3,
    "result": "correct",
    "time": 0.183484,
  },
  {
    "name": "benchmark/imdb/06b.benchmark",
    "iteration": 4,
    "result": "correct",
    "time": 0.181721,
  },
  {
    "name": "benchmark/imdb/06b.benchmark",
    "iteration": 5,
    "result": "correct",
    "time": 0.190261,
  },
  {
    "name": "benchmark/imdb/06c.benchmark",
    "iteration": 0,
  },
  {
    "name": "benchmark/imdb/06c.benchmark",
    "iteration": 1,
    "result": "correct",
    "time": 0.176551,
  },
  {
    "name": "benchmark/imdb/06c.benchmark",
    "iteration": 2,
    "result": "correct",
    "time": 0.184717,
  },
  {
    "name": "benchmark/imdb/06c.benchmark",
    "iteration": 3,
    "result": "correct",
    "time": 0.17686,
  },
  {
    "name": "benchmark/imdb/06c.benchmark",
    "iteration": 4,
    "result": "correct",
    "time": 0.177038,
  },
  {
    "name": "benchmark/imdb/06c.benchmark",
    "iteration": 5,
    "result": "correct",
    "time": 0.174784,
  },
  {
    "name": "benchmark/imdb/06d.benchmark",
    "iteration": 0,
  },
  {
    "name": "benchmark/imdb/06d.benchmark",
    "iteration": 1,
    "result": "correct",
    "time": 0.284347,
  },
  {
    "name": "benchmark/imdb/06d.benchmark",
    "iteration": 2,
    "result": "correct",
    "time": 0.279383,
  },
  {
    "name": "benchmark/imdb/06d.benchmark",
    "iteration": 3,
    "result": "correct",
    "time": 0.276606,
  },
  {
    "name": "benchmark/imdb/06d.benchmark",
    "iteration": 4,
    "result": "correct",
    "time": 0.280576,
  },
  {
    "name": "benchmark/imdb/06d.benchmark",
    "iteration": 5,
    "result": "correct",
    "time": 0.278032,
  },
  {
    "name": "benchmark/imdb/06e.benchmark",
    "iteration": 0,
  },
  {
    "name": "benchmark/imdb/06e.benchmark",
    "iteration": 1,
    "result": "correct",
    "time": 0.355863,
  },
  {
    "name": "benchmark/imdb/06e.benchmark",
    "iteration": 2,
    "result": "correct",
    "time": 0.357286,
  },
  {
    "name": "benchmark/imdb/06e.benchmark",
    "iteration": 3,
    "result": "correct",
    "time": 0.350767,
  },
  {
    "name": "benchmark/imdb/06e.benchmark",
    "iteration": 4,
    "result": "correct",
    "time": 0.360995,
  },
  {
    "name": "benchmark/imdb/06e.benchmark",
    "iteration": 5,
    "result": "correct",
    "time": 0.354452,
  },
  {
    "name": "benchmark/imdb/06f.benchmark",
    "iteration": 0,
  },
  {
    "name": "benchmark/imdb/06f.benchmark",
    "iteration": 1,
    "result": "correct",
    "time": 0.757202,
  },
  {
    "name": "benchmark/imdb/06f.benchmark",
    "iteration": 2,
    "result": "correct",
    "time": 0.756982,
  },
  {
    "name": "benchmark/imdb/06f.benchmark",
    "iteration": 3,
    "result": "correct",
    "time": 0.756098,
  },
  {
    "name": "benchmark/imdb/06f.benchmark",
    "iteration": 4,
    "result": "correct",
    "time": 0.743987,
  },
  {
    "name": "benchmark/imdb/06f.benchmark",
    "iteration": 5,
    "result": "correct",
    "time": 0.763022,
  },
  {
    "name": "benchmark/imdb/07a.benchmark",
    "iteration": 0,
  },
  {
    "name": "benchmark/imdb/07a.benchmark",
    "iteration": 1,
    "result": "correct",
    "time": 0.141079,
  },
  {
    "name": "benchmark/imdb/07a.benchmark",
    "iteration": 2,
    "result": "correct",
    "time": 0.158665,
  },
  {
    "name": "benchmark/imdb/07a.benchmark",
    "iteration": 3,
    "result": "correct",
    "time": 0.142104,
  },
  {
    "name": "benchmark/imdb/07a.benchmark",
    "iteration": 4,
    "result": "correct",
    "time": 0.142458,
  },
  {
    "name": "benchmark/imdb/07a.benchmark",
    "iteration": 5,
    "result": "correct",
    "time": 0.14553,
  },
  {
    "name": "benchmark/imdb/07b.benchmark",
    "iteration": 0,
  },
  {
    "name": "benchmark/imdb/07b.benchmark",
    "iteration": 1,
    "result": "correct",
    "time": 0.071142,
  },
  {
    "name": "benchmark/imdb/07b.benchmark",
    "iteration": 2,
    "result": "correct",
    "time": 0.070151,
  },
  {
    "name": "benchmark/imdb/07b.benchmark",
    "iteration": 3,
    "result": "correct",
    "time": 0.070377,
  },
  {
    "name": "benchmark/imdb/07b.benchmark",
    "iteration": 4,
    "result": "correct",
    "time": 0.070247,
  },
  {
    "name": "benchmark/imdb/07b.benchmark",
    "iteration": 5,
    "result": "correct",
    "time": 0.069169,
  },
  {
    "name": "benchmark/imdb/07c.benchmark",
    "iteration": 0,
  },
  {
    "name": "benchmark/imdb/07c.benchmark",
    "iteration": 1,
    "result": "correct",
    "time": 0.862263,
  },
  {
    "name": "benchmark/imdb/07c.benchmark",
    "iteration": 2,
    "result": "correct",
    "time": 0.818874,
  },
  {
    "name": "benchmark/imdb/07c.benchmark",
    "iteration": 3,
    "result": "correct",
    "time": 0.99271,
  },
  {
    "name": "benchmark/imdb/07c.benchmark",
    "iteration": 4,
    "result": "correct",
    "time": 0.808265,
  },
  {
    "name": "benchmark/imdb/07c.benchmark",
    "iteration": 5,
    "result": "correct",
    "time": 0.818537,
  },
  {
    "name": "benchmark/imdb/08a.benchmark",
    "iteration": 0,
  },
  {
    "name": "benchmark/imdb/08a.benchmark",
    "iteration": 1,
    "result": "correct",
    "time": 0.270453,
  },
  {
    "name": "benchmark/imdb/08a.benchmark",
    "iteration": 2,
    "result": "correct",
    "time": 0.270902,
  },
  {
    "name": "benchmark/imdb/08a.benchmark",
    "iteration": 3,
    "result": "correct",
    "time": 0.291679,
  },
  {
    "name": "benchmark/imdb/08a.benchmark",
    "iteration": 4,
    "result": "correct",
    "time": 0.273843,
  },
  {
    "name": "benchmark/imdb/08a.benchmark",
    "iteration": 5,
    "result": "correct",
    "time": 0.272244,
  },
  {
    "name": "benchmark/imdb/08b.benchmark",
    "iteration": 0,
  },
  {
    "name": "benchmark/imdb/08b.benchmark",
    "iteration": 1,
    "result": "correct",
    "time": 0.279548,
  },
  {
    "name": "benchmark/imdb/08b.benchmark",
    "iteration": 2,
    "result": "correct",
    "time": 0.286173,
  },
  {
    "name": "benchmark/imdb/08b.benchmark",
    "iteration": 3,
    "result": "correct",
    "time": 0.280468,
  },
  {
    "name": "benchmark/imdb/08b.benchmark",
    "iteration": 4,
    "result": "correct",
    "time": 0.280725,
  },
  {
    "name": "benchmark/imdb/08b.benchmark",
    "iteration": 5,
    "result": "correct",
    "time": 0.280227,
  },
  {
    "name": "benchmark/imdb/08c.benchmark",
    "iteration": 0,
  },
  {
    "name": "benchmark/imdb/08c.benchmark",
    "iteration": 1,
    "result": "correct",
    "time": 0.472977,
  },
  {
    "name": "benchmark/imdb/08c.benchmark",
    "iteration": 2,
    "result": "correct",
    "time": 0.472196,
  },
  {
    "name": "benchmark/imdb/08c.benchmark",
    "iteration": 3,
    "result": "correct",
    "time": 0.472233,
  },
  {
    "name": "benchmark/imdb/08c.benchmark",
    "iteration": 4,
    "result": "correct",
    "time": 0.475146,
  },
  {
    "name": "benchmark/imdb/08c.benchmark",
    "iteration": 5,
    "result": "correct",
    "time": 0.480621,
  },
  {
    "name": "benchmark/imdb/08d.benchmark",
    "iteration": 0,
  },
  {
    "name": "benchmark/imdb/08d.benchmark",
    "iteration": 1,
    "result": "correct",
    "time": 0.199357,
  },
  {
    "name": "benchmark/imdb/08d.benchmark",
    "iteration": 2,
    "result": "correct",
    "time": 0.207013,
  },
  {
    "name": "benchmark/imdb/08d.benchmark",
    "iteration": 3,
    "result": "correct",
    "time": 0.203614,
  },
  {
    "name": "benchmark/imdb/08d.benchmark",
    "iteration": 4,
    "result": "correct",
    "time": 0.20002,
  },
  {
    "name": "benchmark/imdb/08d.benchmark",
    "iteration": 5,
    "result": "correct",
    "time": 0.200366,
  },
  {
    "name": "benchmark/imdb/09a.benchmark",
    "iteration": 0,
  },
  {
    "name": "benchmark/imdb/09a.benchmark",
    "iteration": 1,
    "result": "correct",
    "time": 0.420272,
  },
  {
    "name": "benchmark/imdb/09a.benchmark",
    "iteration": 2,
    "result": "correct",
    "time": 0.421673,
  },
  {
    "name": "benchmark/imdb/09a.benchmark",
    "iteration": 3,
    "result": "correct",
    "time": 0.419873,
  },
  {
    "name": "benchmark/imdb/09a.benchmark",
    "iteration": 4,
    "result": "correct",
    "time": 0.417701,
  },
  {
    "name": "benchmark/imdb/09a.benchmark",
    "iteration": 5,
    "result": "correct",
    "time": 0.421582,
  },
  {
    "name": "benchmark/imdb/09b.benchmark",
    "iteration": 0,
  },
  {
    "name": "benchmark/imdb/09b.benchmark",
    "iteration": 1,
    "result": "correct",
    "time": 0.330408,
  },
  {
    "name": "benchmark/imdb/09b.benchmark",
    "iteration": 2,
    "result": "correct",
    "time": 0.335776,
  },
  {
    "name": "benchmark/imdb/09b.benchmark",
    "iteration": 3,
    "result": "correct",
    "time": 0.335657,
  },
  {
    "name": "benchmark/imdb/09b.benchmark",
    "iteration": 4,
    "result": "correct",
    "time": 0.349444,
  },
  {
    "name": "benchmark/imdb/09b.benchmark",
    "iteration": 5,
    "result": "correct",
    "time": 0.334336,
  },
  {
    "name": "benchmark/imdb/09c.benchmark",
    "iteration": 0,
  },
  {
    "name": "benchmark/imdb/09c.benchmark",
    "iteration": 1,
    "result": "correct",
    "time": 0.378948,
  },
  {
    "name": "benchmark/imdb/09c.benchmark",
    "iteration": 2,
    "result": "correct",
    "time": 0.381026,
  },
  {
    "name": "benchmark/imdb/09c.benchmark",
    "iteration": 3,
    "result": "correct",
    "time": 0.382394,
  },
  {
    "name": "benchmark/imdb/09c.benchmark",
    "iteration": 4,
    "result": "correct",
    "time": 0.384445,
  },
  {
    "name": "benchmark/imdb/09c.benchmark",
    "iteration": 5,
    "result": "correct",
    "time": 0.381035,
  },
  {
    "name": "benchmark/imdb/09d.benchmark",
    "iteration": 0,
  },
  {
    "name": "benchmark/imdb/09d.benchmark",
    "iteration": 1,
    "result": "correct",
    "time": 0.477437,
  },
  {
    "name": "benchmark/imdb/09d.benchmark",
    "iteration": 2,
    "result": "correct",
    "time": 0.480263,
  },
  {
    "name": "benchmark/imdb/09d.benchmark",
    "iteration": 3,
    "result": "correct",
    "time": 0.480047,
  },
  {
    "name": "benchmark/imdb/09d.benchmark",
    "iteration": 4,
    "result": "correct",
    "time": 0.53113,
  },
  {
    "name": "benchmark/imdb/09d.benchmark",
    "iteration": 5,
    "result": "correct",
    "time": 0.477835,
  },
  {
    "name": "benchmark/imdb/10a.benchmark",
    "iteration": 0,
  },
  {
    "name": "benchmark/imdb/10a.benchmark",
    "iteration": 1,
    "result": "correct",
    "time": 0.325271,
  },
  {
    "name": "benchmark/imdb/10a.benchmark",
    "iteration": 2,
    "result": "correct",
    "time": 0.321783,
  },
  {
    "name": "benchmark/imdb/10a.benchmark",
    "iteration": 3,
    "result": "correct",
    "time": 0.322363,
  },
  {
    "name": "benchmark/imdb/10a.benchmark",
    "iteration": 4,
    "result": "correct",
    "time": 0.336462,
  },
  {
    "name": "benchmark/imdb/10a.benchmark",
    "iteration": 5,
    "result": "correct",
    "time": 0.323185,
  },
  {
    "name": "benchmark/imdb/10b.benchmark",
    "iteration": 0,
  },
  {
    "name": "benchmark/imdb/10b.benchmark",
    "iteration": 1,
    "result": "correct",
    "time": 0.193298,
  },
  {
    "name": "benchmark/imdb/10b.benchmark",
    "iteration": 2,
    "result": "correct",
    "time": 0.193751,
  },
  {
    "name": "benchmark/imdb/10b.benchmark",
    "iteration": 3,
    "result": "correct",
    "time": 0.192991,
  },
  {
    "name": "benchmark/imdb/10b.benchmark",
    "iteration": 4,
    "result": "correct",
    "time": 0.19356,
  },
  {
    "name": "benchmark/imdb/10b.benchmark",
    "iteration": 5,
    "result": "correct",
    "time": 0.193904,
  },
  {
    "name": "benchmark/imdb/10c.benchmark",
    "iteration": 0,
  },
  {
    "name": "benchmark/imdb/10c.benchmark",
    "iteration": 1,
    "result": "correct",
    "time": 0.782668,
  },
  {
    "name": "benchmark/imdb/10c.benchmark",
    "iteration": 2,
    "result": "correct",
    "time": 0.793427,
  },
  {
    "name": "benchmark/imdb/10c.benchmark",
    "iteration": 3,
    "result": "correct",
    "time": 0.780651,
  },
  {
    "name": "benchmark/imdb/10c.benchmark",
    "iteration": 4,
    "result": "correct",
    "time": 0.776589,
  },
  {
    "name": "benchmark/imdb/10c.benchmark",
    "iteration": 5,
    "result": "correct",
    "time": 0.778078,
  },
  {
    "name": "benchmark/imdb/11a.benchmark",
    "iteration": 0,
  },
  {
    "name": "benchmark/imdb/11a.benchmark",
    "iteration": 1,
    "result": "correct",
    "time": 0.024994,
  },
  {
    "name": "benchmark/imdb/11a.benchmark",
    "iteration": 2,
    "result": "correct",
    "time": 0.024432,
  },
  {
    "name": "benchmark/imdb/11a.benchmark",
    "iteration": 3,
    "result": "correct",
    "time": 0.024665,
  },
  {
    "name": "benchmark/imdb/11a.benchmark",
    "iteration": 4,
    "result": "correct",
    "time": 0.023248,
  },
  {
    "name": "benchmark/imdb/11a.benchmark",
    "iteration": 5,
    "result": "correct",
    "time": 0.022993,
  },
  {
    "name": "benchmark/imdb/11b.benchmark",
    "iteration": 0,
  },
  {
    "name": "benchmark/imdb/11b.benchmark",
    "iteration": 1,
    "result": "correct",
    "time": 0.037544,
  },
  {
    "name": "benchmark/imdb/11b.benchmark",
    "iteration": 2,
    "result": "correct",
    "time": 0.038219,
  },
  {
    "name": "benchmark/imdb/11b.benchmark",
    "iteration": 3,
    "result": "correct",
    "time": 0.037034,
  },
  {
    "name": "benchmark/imdb/11b.benchmark",
    "iteration": 4,
    "result": "correct",
    "time": 0.037526,
  },
  {
    "name": "benchmark/imdb/11b.benchmark",
    "iteration": 5,
    "result": "correct",
    "time": 0.038983,
  },
  {
    "name": "benchmark/imdb/11c.benchmark",
    "iteration": 0,
  },
  {
    "name": "benchmark/imdb/11c.benchmark",
    "iteration": 1,
    "result": "correct",
    "time": 0.079799,
  },
  {
    "name": "benchmark/imdb/11c.benchmark",
    "iteration": 2,
    "result": "correct",
    "time": 0.066533,
  },
  {
    "name": "benchmark/imdb/11c.benchmark",
    "iteration": 3,
    "result": "correct",
    "time": 0.066439,
  },
  {
    "name": "benchmark/imdb/11c.benchmark",
    "iteration": 4,
    "result": "correct",
    "time": 0.066255,
  },
  {
    "name": "benchmark/imdb/11c.benchmark",
    "iteration": 5,
    "result": "correct",
    "time": 0.066571,
  },
  {
    "name": "benchmark/imdb/11d.benchmark",
    "iteration": 0,
  },
  {
    "name": "benchmark/imdb/11d.benchmark",
    "iteration": 1,
    "result": "correct",
    "time": 0.189497,
  },
  {
    "name": "benchmark/imdb/11d.benchmark",
    "iteration": 2,
    "result": "correct",
    "time": 0.195387,
  },
  {
    "name": "benchmark/imdb/11d.benchmark",
    "iteration": 3,
    "result": "correct",
    "time": 0.195654,
  },
  {
    "name": "benchmark/imdb/11d.benchmark",
    "iteration": 4,
    "result": "correct",
    "time": 0.190579,
  },
  {
    "name": "benchmark/imdb/11d.benchmark",
    "iteration": 5,
    "result": "correct",
    "time": 0.200938,
  },
  {
    "name": "benchmark/imdb/12a.benchmark",
    "iteration": 0,
  },
  {
    "name": "benchmark/imdb/12a.benchmark",
    "iteration": 1,
    "result": "correct",
    "time": 0.096194,
  },
  {
    "name": "benchmark/imdb/12a.benchmark",
    "iteration": 2,
    "result": "correct",
    "time": 0.091891,
  },
  {
    "name": "benchmark/imdb/12a.benchmark",
    "iteration": 3,
    "result": "correct",
    "time": 0.092872,
  },
  {
    "name": "benchmark/imdb/12a.benchmark",
    "iteration": 4,
    "result": "correct",
    "time": 0.090123,
  },
  {
    "name": "benchmark/imdb/12a.benchmark",
    "iteration": 5,
    "result": "correct",
    "time": 0.091981,
  },
  {
    "name": "benchmark/imdb/12b.benchmark",
    "iteration": 0,
  },
  {
    "name": "benchmark/imdb/12b.benchmark",
    "iteration": 1,
    "result": "correct",
    "time": 0.118181,
  },
  {
    "name": "benchmark/imdb/12b.benchmark",
    "iteration": 2,
    "result": "correct",
    "time": 0.121573,
  },
  {
    "name": "benchmark/imdb/12b.benchmark",
    "iteration": 3,
    "result": "correct",
    "time": 0.117987,
  },
  {
    "name": "benchmark/imdb/12b.benchmark",
    "iteration": 4,
    "result": "correct",
    "time": 0.11998,
  },
  {
    "name": "benchmark/imdb/12b.benchmark",
    "iteration": 5,
    "result": "correct",
    "time": 0.11795,
  },
  {
    "name": "benchmark/imdb/12c.benchmark",
    "iteration": 0,
  },
  {
    "name": "benchmark/imdb/12c.benchmark",
    "iteration": 1,
    "result": "correct",
    "time": 0.128405,
  },
  {
    "name": "benchmark/imdb/12c.benchmark",
    "iteration": 2,
    "result": "correct",
    "time": 0.128669,
  },
  {
    "name": "benchmark/imdb/12c.benchmark",
    "iteration": 3,
    "result": "correct",
    "time": 0.128172,
  },
  {
    "name": "benchmark/imdb/12c.benchmark",
    "iteration": 4,
    "result": "correct",
    "time": 0.12848,
  },
  {
    "name": "benchmark/imdb/12c.benchmark",
    "iteration": 5,
    "result": "correct",
    "time": 0.128726,
  },
  {
    "name": "benchmark/imdb/13a.benchmark",
    "iteration": 0,
  },
  {
    "name": "benchmark/imdb/13a.benchmark",
    "iteration": 1,
    "result": "correct",
    "time": 0.097493,
  },
  {
    "name": "benchmark/imdb/13a.benchmark",
    "iteration": 2,
    "result": "correct",
    "time": 0.099322,
  },
  {
    "name": "benchmark/imdb/13a.benchmark",
    "iteration": 3,
    "result": "correct",
    "time": 0.101235,
  },
  {
    "name": "benchmark/imdb/13a.benchmark",
    "iteration": 4,
    "result": "correct",
    "time": 0.099182,
  },
  {
    "name": "benchmark/imdb/13a.benchmark",
    "iteration": 5,
    "result": "correct",
    "time": 0.096717,
  },
  {
    "name": "benchmark/imdb/13b.benchmark",
    "iteration": 0,
  },
  {
    "name": "benchmark/imdb/13b.benchmark",
    "iteration": 1,
    "result": "correct",
    "time": 0.134481,
  },
  {
    "name": "benchmark/imdb/13b.benchmark",
    "iteration": 2,
    "result": "correct",
    "time": 0.135969,
  },
  {
    "name": "benchmark/imdb/13b.benchmark",
    "iteration": 3,
    "result": "correct",
    "time": 0.139205,
  },
  {
    "name": "benchmark/imdb/13b.benchmark",
    "iteration": 4,
    "result": "correct",
    "time": 0.140998,
  },
  {
    "name": "benchmark/imdb/13b.benchmark",
    "iteration": 5,
    "result": "correct",
    "time": 0.139558,
  },
  {
    "name": "benchmark/imdb/13c.benchmark",
    "iteration": 0,
  },
  {
    "name": "benchmark/imdb/13c.benchmark",
    "iteration": 1,
    "result": "correct",
    "time": 0.121276,
  },
  {
    "name": "benchmark/imdb/13c.benchmark",
    "iteration": 2,
    "result": "correct",
    "time": 0.124523,
  },
  {
    "name": "benchmark/imdb/13c.benchmark",
    "iteration": 3,
    "result": "correct",
    "time": 0.123382,
  },
  {
    "name": "benchmark/imdb/13c.benchmark",
    "iteration": 4,
    "result": "correct",
    "time": 0.123898,
  },
  {
    "name": "benchmark/imdb/13c.benchmark",
    "iteration": 5,
    "result": "correct",
    "time": 0.11846,
  },
  {
    "name": "benchmark/imdb/13d.benchmark",
    "iteration": 0,
  },
  {
    "name": "benchmark/imdb/13d.benchmark",
    "iteration": 1,
    "result": "correct",
    "time": 0.115681,
  },
  {
    "name": "benchmark/imdb/13d.benchmark",
    "iteration": 2,
    "result": "correct",
    "time": 0.118388,
  },
  {
    "name": "benchmark/imdb/13d.benchmark",
    "iteration": 3,
    "result": "correct",
    "time": 0.117072,
  },
  {
    "name": "benchmark/imdb/13d.benchmark",
    "iteration": 4,
    "result": "correct",
    "time": 0.118809,
  },
  {
    "name": "benchmark/imdb/13d.benchmark",
    "iteration": 5,
    "result": "correct",
    "time": 0.117312,
  },
  {
    "name": "benchmark/imdb/14a.benchmark",
    "iteration": 0,
  },
  {
    "name": "benchmark/imdb/14a.benchmark",
    "iteration": 1,
    "result": "correct",
    "time": 0.088451,
  },
  {
    "name": "benchmark/imdb/14a.benchmark",
    "iteration": 2,
    "result": "correct",
    "time": 0.084596,
  },
  {
    "name": "benchmark/imdb/14a.benchmark",
    "iteration": 3,
    "result": "correct",
    "time": 0.08655,
  },
  {
    "name": "benchmark/imdb/14a.benchmark",
    "iteration": 4,
    "result": "correct",
    "time": 0.090588,
  },
  {
    "name": "benchmark/imdb/14a.benchmark",
    "iteration": 5,
    "result": "correct",
    "time": 0.090201,
  },
  {
    "name": "benchmark/imdb/14b.benchmark",
    "iteration": 0,
  },
  {
    "name": "benchmark/imdb/14b.benchmark",
    "iteration": 1,
    "result": "correct",
    "time": 0.050178,
  },
  {
    "name": "benchmark/imdb/14b.benchmark",
    "iteration": 2,
    "result": "correct",
    "time": 0.049246,
  },
  {
    "name": "benchmark/imdb/14b.benchmark",
    "iteration": 3,
    "result": "correct",
    "time": 0.050051,
  },
  {
    "name": "benchmark/imdb/14b.benchmark",
    "iteration": 4,
    "result": "correct",
    "time": 0.049298,
  },
  {
    "name": "benchmark/imdb/14b.benchmark",
    "iteration": 5,
    "result": "correct",
    "time": 0.049732,
  },
  {
    "name": "benchmark/imdb/14c.benchmark",
    "iteration": 0,
  },
  {
    "name": "benchmark/imdb/14c.benchmark",
    "iteration": 1,
    "result": "correct",
    "time": 0.173244,
  },
  {
    "name": "benchmark/imdb/14c.benchmark",
    "iteration": 2,
    "result": "correct",
    "time": 0.176487,
  },
  {
    "name": "benchmark/imdb/14c.benchmark",
    "iteration": 3,
    "result": "correct",
    "time": 0.172297,
  },
  {
    "name": "benchmark/imdb/14c.benchmark",
    "iteration": 4,
    "result": "correct",
    "time": 0.179565,
  },
  {
    "name": "benchmark/imdb/14c.benchmark",
    "iteration": 5,
    "result": "correct",
    "time": 0.175893,
  },
  {
    "name": "benchmark/imdb/15a.benchmark",
    "iteration": 0,
  },
  {
    "name": "benchmark/imdb/15a.benchmark",
    "iteration": 1,
    "result": "correct",
    "time": 0.27708,
  },
  {
    "name": "benchmark/imdb/15a.benchmark",
    "iteration": 2,
    "result": "correct",
    "time": 0.27828,
  },
  {
    "name": "benchmark/imdb/15a.benchmark",
    "iteration": 3,
    "result": "correct",
    "time": 0.272741,
  },
  {
    "name": "benchmark/imdb/15a.benchmark",
    "iteration": 4,
    "result": "correct",
    "time": 0.27608,
  },
  {
    "name": "benchmark/imdb/15a.benchmark",
    "iteration": 5,
    "result": "correct",
    "time": 0.277598,
  },
  {
    "name": "benchmark/imdb/15b.benchmark",
    "iteration": 0,
  },
  {
    "name": "benchmark/imdb/15b.benchmark",
    "iteration": 1,
    "result": "correct",
    "time": 0.263128,
  },
  {
    "name": "benchmark/imdb/15b.benchmark",
    "iteration": 2,
    "result": "correct",
    "time": 0.258881,
  },
  {
    "name": "benchmark/imdb/15b.benchmark",
    "iteration": 3,
    "result": "correct",
    "time": 0.246248,
  },
  {
    "name": "benchmark/imdb/15b.benchmark",
    "iteration": 4,
    "result": "correct",
    "time": 0.24127,
  },
  {
    "name": "benchmark/imdb/15b.benchmark",
    "iteration": 5,
    "result": "correct",
    "time": 0.244399,
  },
  {
    "name": "benchmark/imdb/15c.benchmark",
    "iteration": 0,
  },
  {
    "name": "benchmark/imdb/15c.benchmark",
    "iteration": 1,
    "result": "correct",
    "time": 0.286972,
  },
  {
    "name": "benchmark/imdb/15c.benchmark",
    "iteration": 2,
    "result": "correct",
    "time": 0.284687,
  },
  {
    "name": "benchmark/imdb/15c.benchmark",
    "iteration": 3,
    "result": "correct",
    "time": 0.287795,
  },
  {
    "name": "benchmark/imdb/15c.benchmark",
    "iteration": 4,
    "result": "correct",
    "time": 0.286825,
  },
  {
    "name": "benchmark/imdb/15c.benchmark",
    "iteration": 5,
    "result": "correct",
    "time": 0.286035,
  },
  {
    "name": "benchmark/imdb/15d.benchmark",
    "iteration": 0,
  },
  {
    "name": "benchmark/imdb/15d.benchmark",
    "iteration": 1,
    "result": "correct",
    "time": 0.238852,
  },
  {
    "name": "benchmark/imdb/15d.benchmark",
    "iteration": 2,
    "result": "correct",
    "time": 0.244331,
  },
  {
    "name": "benchmark/imdb/15d.benchmark",
    "iteration": 3,
    "result": "correct",
    "time": 0.241762,
  },
  {
    "name": "benchmark/imdb/15d.benchmark",
    "iteration": 4,
    "result": "correct",
    "time": 0.239982,
  },
  {
    "name": "benchmark/imdb/15d.benchmark",
    "iteration": 5,
    "result": "correct",
    "time": 0.243954,
  },
  {
    "name": "benchmark/imdb/16a.benchmark",
    "iteration": 0,
  },
  {
    "name": "benchmark/imdb/16a.benchmark",
    "iteration": 1,
    "result": "correct",
    "time": 0.203328,
  },
  {
    "name": "benchmark/imdb/16a.benchmark",
    "iteration": 2,
    "result": "correct",
    "time": 0.207288,
  },
  {
    "name": "benchmark/imdb/16a.benchmark",
    "iteration": 3,
    "result": "correct",
    "time": 0.205265,
  },
  {
    "name": "benchmark/imdb/16a.benchmark",
    "iteration": 4,
    "result": "correct",
    "time": 0.203658,
  },
  {
    "name": "benchmark/imdb/16a.benchmark",
    "iteration": 5,
    "result": "correct",
    "time": 0.20806,
  },
  {
    "name": "benchmark/imdb/16b.benchmark",
    "iteration": 0,
  },
  {
    "name": "benchmark/imdb/16b.benchmark",
    "iteration": 1,
    "result": "correct",
    "time": 0.882879,
  },
  {
    "name": "benchmark/imdb/16b.benchmark",
    "iteration": 2,
    "result": "correct",
    "time": 0.873075,
  },
  {
    "name": "benchmark/imdb/16b.benchmark",
    "iteration": 3,
    "result": "correct",
    "time": 0.869463,
  },
  {
    "name": "benchmark/imdb/16b.benchmark",
    "iteration": 4,
    "result": "correct",
    "time": 0.871852,
  },
  {
    "name": "benchmark/imdb/16b.benchmark",
    "iteration": 5,
    "result": "correct",
    "time": 0.870015,
  },
  {
    "name": "benchmark/imdb/16c.benchmark",
    "iteration": 0,
  },
  {
    "name": "benchmark/imdb/16c.benchmark",
    "iteration": 1,
    "result": "correct",
    "time": 0.3055,
  },
  {
    "name": "benchmark/imdb/16c.benchmark",
    "iteration": 2,
    "result": "correct",
    "time": 0.3087,
  },
  {
    "name": "benchmark/imdb/16c.benchmark",
    "iteration": 3,
    "result": "correct",
    "time": 0.304323,
  },
  {
    "name": "benchmark/imdb/16c.benchmark",
    "iteration": 4,
    "result": "correct",
    "time": 0.326857,
  },
  {
    "name": "benchmark/imdb/16c.benchmark",
    "iteration": 5,
    "result": "correct",
    "time": 0.302089,
  },
  {
    "name": "benchmark/imdb/16d.benchmark",
    "iteration": 0,
  },
  {
    "name": "benchmark/imdb/16d.benchmark",
    "iteration": 1,
    "result": "correct",
    "time": 0.302109,
  },
  {
    "name": "benchmark/imdb/16d.benchmark",
    "iteration": 2,
    "result": "correct",
    "time": 0.298598,
  },
  {
    "name": "benchmark/imdb/16d.benchmark",
    "iteration": 3,
    "result": "correct",
    "time": 0.30049,
  },
  {
    "name": "benchmark/imdb/16d.benchmark",
    "iteration": 4,
    "result": "correct",
    "time": 0.299193,
  },
  {
    "name": "benchmark/imdb/16d.benchmark",
    "iteration": 5,
    "result": "correct",
    "time": 0.29838,
  },
  {
    "name": "benchmark/imdb/17a.benchmark",
    "iteration": 0,
  },
  {
    "name": "benchmark/imdb/17a.benchmark",
    "iteration": 1,
    "result": "correct",
    "time": 0.408786,
  },
  {
    "name": "benchmark/imdb/17a.benchmark",
    "iteration": 2,
    "result": "correct",
    "time": 0.417275,
  },
  {
    "name": "benchmark/imdb/17a.benchmark",
    "iteration": 3,
    "result": "correct",
    "time": 0.414763,
  },
  {
    "name": "benchmark/imdb/17a.benchmark",
    "iteration": 4,
    "result": "correct",
    "time": 0.410669,
  },
  {
    "name": "benchmark/imdb/17a.benchmark",
    "iteration": 5,
    "result": "correct",
    "time": 0.411216,
  },
  {
    "name": "benchmark/imdb/17b.benchmark",
    "iteration": 0,
  },
  {
    "name": "benchmark/imdb/17b.benchmark",
    "iteration": 1,
    "result": "correct",
    "time": 0.496285,
  },
  {
    "name": "benchmark/imdb/17b.benchmark",
    "iteration": 2,
    "result": "correct",
    "time": 0.497245,
  },
  {
    "name": "benchmark/imdb/17b.benchmark",
    "iteration": 3,
    "result": "correct",
    "time": 0.489477,
  },
  {
    "name": "benchmark/imdb/17b.benchmark",
    "iteration": 4,
    "result": "correct",
    "time": 0.492605,
  },
  {
    "name": "benchmark/imdb/17b.benchmark",
    "iteration": 5,
    "result": "correct",
    "time": 0.493443,
  },
  {
    "name": "benchmark/imdb/17c.benchmark",
    "iteration": 0,
  },
  {
    "name": "benchmark/imdb/17c.benchmark",
    "iteration": 1,
    "result": "correct",
    "time": 0.481261,
  },
  {
    "name": "benchmark/imdb/17c.benchmark",
    "iteration": 2,
    "result": "correct",
    "time": 0.47682,
  },
  {
    "name": "benchmark/imdb/17c.benchmark",
    "iteration": 3,
    "result": "correct",
    "time": 0.485611,
  },
  {
    "name": "benchmark/imdb/17c.benchmark",
    "iteration": 4,
    "result": "correct",
    "time": 0.479239,
  },
  {
    "name": "benchmark/imdb/17c.benchmark",
    "iteration": 5,
    "result": "correct",
    "time": 0.472126,
  },
  {
    "name": "benchmark/imdb/17d.benchmark",
    "iteration": 0,
  },
  {
    "name": "benchmark/imdb/17d.benchmark",
    "iteration": 1,
    "result": "correct",
    "time": 0.613339,
  },
  {
    "name": "benchmark/imdb/17d.benchmark",
    "iteration": 2,
    "result": "correct",
    "time": 0.6103,
  },
  {
    "name": "benchmark/imdb/17d.benchmark",
    "iteration": 3,
    "result": "correct",
    "time": 0.608778,
  },
  {
    "name": "benchmark/imdb/17d.benchmark",
    "iteration": 4,
    "result": "correct",
    "time": 0.607728,
  },
  {
    "name": "benchmark/imdb/17d.benchmark",
    "iteration": 5,
    "result": "correct",
    "time": 0.775548,
  },
  {
    "name": "benchmark/imdb/17e.benchmark",
    "iteration": 0,
  },
  {
    "name": "benchmark/imdb/17e.benchmark",
    "iteration": 1,
    "result": "correct",
    "time": 0.544785,
  },
  {
    "name": "benchmark/imdb/17e.benchmark",
    "iteration": 2,
    "result": "correct",
    "time": 0.552791,
  },
  {
    "name": "benchmark/imdb/17e.benchmark",
    "iteration": 3,
    "result": "correct",
    "time": 0.537235,
  },
  {
    "name": "benchmark/imdb/17e.benchmark",
    "iteration": 4,
    "result": "correct",
    "time": 0.526855,
  },
  {
    "name": "benchmark/imdb/17e.benchmark",
    "iteration": 5,
    "result": "correct",
    "time": 0.5221,
  },
  {
    "name": "benchmark/imdb/17f.benchmark",
    "iteration": 0,
  },
  {
    "name": "benchmark/imdb/17f.benchmark",
    "iteration": 1,
    "result": "correct",
    "time": 0.673198,
  },
  {
    "name": "benchmark/imdb/17f.benchmark",
    "iteration": 2,
    "result": "correct",
    "time": 0.680629,
  },
  {
    "name": "benchmark/imdb/17f.benchmark",
    "iteration": 3,
    "result": "correct",
    "time": 0.693269,
  },
  {
    "name": "benchmark/imdb/17f.benchmark",
    "iteration": 4,
    "result": "correct",
    "time": 0.678719,
  },
  {
    "name": "benchmark/imdb/17f.benchmark",
    "iteration": 5,
    "result": "correct",
    "time": 0.734173,
  },
  {
    "name": "benchmark/imdb/18a.benchmark",
    "iteration": 0,
  },
  {
    "name": "benchmark/imdb/18a.benchmark",
    "iteration": 1,
    "result": "correct",
    "time": 0.576263,
  },
  {
    "name": "benchmark/imdb/18a.benchmark",
    "iteration": 2,
    "result": "correct",
    "time": 0.573763,
  },
  {
    "name": "benchmark/imdb/18a.benchmark",
    "iteration": 3,
    "result": "correct",
    "time": 0.572751,
  },
  {
    "name": "benchmark/imdb/18a.benchmark",
    "iteration": 4,
    "result": "correct",
    "time": 0.576423,
  },
  {
    "name": "benchmark/imdb/18a.benchmark",
    "iteration": 5,
    "result": "correct",
    "time": 0.568916,
  },
  {
    "name": "benchmark/imdb/18b.benchmark",
    "iteration": 0,
  },
  {
    "name": "benchmark/imdb/18b.benchmark",
    "iteration": 1,
    "result": "correct",
    "time": 0.616934,
  },
  {
    "name": "benchmark/imdb/18b.benchmark",
    "iteration": 2,
    "result": "correct",
    "time": 0.621879,
  },
  {
    "name": "benchmark/imdb/18b.benchmark",
    "iteration": 3,
    "result": "correct",
    "time": 0.626213,
  },
  {
    "name": "benchmark/imdb/18b.benchmark",
    "iteration": 4,
    "result": "correct",
    "time": 0.608682,
  },
  {
    "name": "benchmark/imdb/18b.benchmark",
    "iteration": 5,
    "result": "correct",
    "time": 0.611818,
  },
  {
    "name": "benchmark/imdb/18c.benchmark",
    "iteration": 0,
  },
  {
    "name": "benchmark/imdb/18c.benchmark",
    "iteration": 1,
    "result": "correct",
    "time": 0.671565,
  },
  {
    "name": "benchmark/imdb/18c.benchmark",
    "iteration": 2,
    "result": "correct",
    "time": 0.708191,
  },
  {
    "name": "benchmark/imdb/18c.benchmark",
    "iteration": 3,
    "result": "correct",
    "time": 0.693576,
  },
  {
    "name": "benchmark/imdb/18c.benchmark",
    "iteration": 4,
    "result": "correct",
    "time": 0.663668,
  },
  {
    "name": "benchmark/imdb/18c.benchmark",
    "iteration": 5,
    "result": "correct",
    "time": 0.684733,
  },
  {
    "name": "benchmark/imdb/19a.benchmark",
    "iteration": 0,
  },
  {
    "name": "benchmark/imdb/19a.benchmark",
    "iteration": 1,
    "result": "correct",
    "time": 0.443064,
  },
  {
    "name": "benchmark/imdb/19a.benchmark",
    "iteration": 2,
    "result": "correct",
    "time": 0.440803,
  },
  {
    "name": "benchmark/imdb/19a.benchmark",
    "iteration": 3,
    "result": "correct",
    "time": 0.443402,
  },
  {
    "name": "benchmark/imdb/19a.benchmark",
    "iteration": 4,
    "result": "correct",
    "time": 0.447256,
  },
  {
    "name": "benchmark/imdb/19a.benchmark",
    "iteration": 5,
    "result": "correct",
    "time": 0.446934,
  },
  {
    "name": "benchmark/imdb/19b.benchmark",
    "iteration": 0,
  },
  {
    "name": "benchmark/imdb/19b.benchmark",
    "iteration": 1,
    "result": "correct",
    "time": 0.342362,
  },
  {
    "name": "benchmark/imdb/19b.benchmark",
    "iteration": 2,
    "result": "correct",
    "time": 0.341324,
  },
  {
    "name": "benchmark/imdb/19b.benchmark",
    "iteration": 3,
    "result": "correct",
    "time": 0.335681,
  },
  {
    "name": "benchmark/imdb/19b.benchmark",
    "iteration": 4,
    "result": "correct",
    "time": 0.337938,
  },
  {
    "name": "benchmark/imdb/19b.benchmark",
    "iteration": 5,
    "result": "correct",
    "time": 0.337393,
  },
  {
    "name": "benchmark/imdb/19c.benchmark",
    "iteration": 0,
  },
  {
    "name": "benchmark/imdb/19c.benchmark",
    "iteration": 1,
    "result": "correct",
    "time": 0.444726,
  },
  {
    "name": "benchmark/imdb/19c.benchmark",
    "iteration": 2,
    "result": "correct",
    "time": 0.442245,
  },
  {
    "name": "benchmark/imdb/19c.benchmark",
    "iteration": 3,
    "result": "correct",
    "time": 0.441511,
  },
  {
    "name": "benchmark/imdb/19c.benchmark",
    "iteration": 4,
    "result": "correct",
    "time": 0.443759,
  },
  {
    "name": "benchmark/imdb/19c.benchmark",
    "iteration": 5,
    "result": "correct",
    "time": 0.44324,
  },
  {
    "name": "benchmark/imdb/19d.benchmark",
    "iteration": 0,
  },
  {
    "name": "benchmark/imdb/19d.benchmark",
    "iteration": 1,
    "result": "correct",
    "time": 0.440213,
  },
  {
    "name": "benchmark/imdb/19d.benchmark",
    "iteration": 2,
    "result": "correct",
    "time": 0.440876,
  },
  {
    "name": "benchmark/imdb/19d.benchmark",
    "iteration": 3,
    "result": "correct",
    "time": 0.442181,
  },
  {
    "name": "benchmark/imdb/19d.benchmark",
    "iteration": 4,
    "result": "correct",
    "time": 0.437291,
  },
  {
    "name": "benchmark/imdb/19d.benchmark",
    "iteration": 5,
    "result": "correct",
    "time": 0.434755,
  },
  {
    "name": "benchmark/imdb/20a.benchmark",
    "iteration": 0,
  },
  {
    "name": "benchmark/imdb/20a.benchmark",
    "iteration": 1,
    "result": "correct",
    "time": 0.442242,
  },
  {
    "name": "benchmark/imdb/20a.benchmark",
    "iteration": 2,
    "result": "correct",
    "time": 0.445758,
  },
  {
    "name": "benchmark/imdb/20a.benchmark",
    "iteration": 3,
    "result": "correct",
    "time": 0.468647,
  },
  {
    "name": "benchmark/imdb/20a.benchmark",
    "iteration": 4,
    "result": "correct",
    "time": 0.443352,
  },
  {
    "name": "benchmark/imdb/20a.benchmark",
    "iteration": 5,
    "result": "correct",
    "time": 0.447702,
  },
  {
    "name": "benchmark/imdb/20b.benchmark",
    "iteration": 0,
  },
  {
    "name": "benchmark/imdb/20b.benchmark",
    "iteration": 1,
    "result": "correct",
    "time": 0.552554,
  },
  {
    "name": "benchmark/imdb/20b.benchmark",
    "iteration": 2,
    "result": "correct",
    "time": 0.553364,
  },
  {
    "name": "benchmark/imdb/20b.benchmark",
    "iteration": 3,
    "result": "correct",
    "time": 0.532911,
  },
  {
    "name": "benchmark/imdb/20b.benchmark",
    "iteration": 4,
    "result": "correct",
    "time": 0.529524,
  },
  {
    "name": "benchmark/imdb/20b.benchmark",
    "iteration": 5,
    "result": "correct",
    "time": 0.565837,
  },
  {
    "name": "benchmark/imdb/20c.benchmark",
    "iteration": 0,
  },
  {
    "name": "benchmark/imdb/20c.benchmark",
    "iteration": 1,
    "result": "correct",
    "time": 0.492634,
  },
  {
    "name": "benchmark/imdb/20c.benchmark",
    "iteration": 2,
    "result": "correct",
    "time": 0.464953,
  },
  {
    "name": "benchmark/imdb/20c.benchmark",
    "iteration": 3,
    "result": "correct",
    "time": 0.465784,
  },
  {
    "name": "benchmark/imdb/20c.benchmark",
    "iteration": 4,
    "result": "correct",
    "time": 0.467672,
  },
  {
    "name": "benchmark/imdb/20c.benchmark",
    "iteration": 5,
    "result": "correct",
    "time": 0.480376,
  },
  {
    "name": "benchmark/imdb/21a.benchmark",
    "iteration": 0,
  },
  {
    "name": "benchmark/imdb/21a.benchmark",
    "iteration": 1,
    "result": "correct",
    "time": 0.041584,
  },
  {
    "name": "benchmark/imdb/21a.benchmark",
    "iteration": 2,
    "result": "correct",
    "time": 0.042698,
  },
  {
    "name": "benchmark/imdb/21a.benchmark",
    "iteration": 3,
    "result": "correct",
    "time": 0.039805,
  },
  {
    "name": "benchmark/imdb/21a.benchmark",
    "iteration": 4,
    "result": "correct",
    "time": 0.041724,
  },
  {
    "name": "benchmark/imdb/21a.benchmark",
    "iteration": 5,
    "result": "correct",
    "time": 0.052421,
  },
  {
    "name": "benchmark/imdb/21b.benchmark",
    "iteration": 0,
  },
  {
    "name": "benchmark/imdb/21b.benchmark",
    "iteration": 1,
    "result": "correct",
    "time": 0.035778,
  },
  {
    "name": "benchmark/imdb/21b.benchmark",
    "iteration": 2,
    "result": "correct",
    "time": 0.042055,
  },
  {
    "name": "benchmark/imdb/21b.benchmark",
    "iteration": 3,
    "result": "correct",
    "time": 0.039298,
  },
  {
    "name": "benchmark/imdb/21b.benchmark",
    "iteration": 4,
    "result": "correct",
    "time": 0.037882,
  },
  {
    "name": "benchmark/imdb/21b.benchmark",
    "iteration": 5,
    "result": "correct",
    "time": 0.036127,
  },
  {
    "name": "benchmark/imdb/21c.benchmark",
    "iteration": 0,
  },
  {
    "name": "benchmark/imdb/21c.benchmark",
    "iteration": 1,
    "result": "correct",
    "time": 0.041107,
  },
  {
    "name": "benchmark/imdb/21c.benchmark",
    "iteration": 2,
    "result": "correct",
    "time": 0.042193,
  },
  {
    "name": "benchmark/imdb/21c.benchmark",
    "iteration": 3,
    "result": "correct",
    "time": 0.042822,
  },
  {
    "name": "benchmark/imdb/21c.benchmark",
    "iteration": 4,
    "result": "correct",
    "time": 0.04109,
  },
  {
    "name": "benchmark/imdb/21c.benchmark",
    "iteration": 5,
    "result": "correct",
    "time": 0.043744,
  },
  {
    "name": "benchmark/imdb/22a.benchmark",
    "iteration": 0,
  },
  {
    "name": "benchmark/imdb/22a.benchmark",
    "iteration": 1,
    "result": "correct",
    "time": 0.239171,
  },
  {
    "name": "benchmark/imdb/22a.benchmark",
    "iteration": 2,
    "result": "correct",
    "time": 0.24369,
  },
  {
    "name": "benchmark/imdb/22a.benchmark",
    "iteration": 3,
    "result": "correct",
    "time": 0.238598,
  },
  {
    "name": "benchmark/imdb/22a.benchmark",
    "iteration": 4,
    "result": "correct",
    "time": 0.223858,
  },
  {
    "name": "benchmark/imdb/22a.benchmark",
    "iteration": 5,
    "result": "correct",
    "time": 0.237542,
  },
  {
    "name": "benchmark/imdb/22b.benchmark",
    "iteration": 0,
  },
  {
    "name": "benchmark/imdb/22b.benchmark",
    "iteration": 1,
    "result": "correct",
    "time": 0.202494,
  },
  {
    "name": "benchmark/imdb/22b.benchmark",
    "iteration": 2,
    "result": "correct",
    "time": 0.19439,
  },
  {
    "name": "benchmark/imdb/22b.benchmark",
    "iteration": 3,
    "result": "correct",
    "time": 0.212906,
  },
  {
    "name": "benchmark/imdb/22b.benchmark",
    "iteration": 4,
    "result": "correct",
    "time": 0.21063,
  },
  {
    "name": "benchmark/imdb/22b.benchmark",
    "iteration": 5,
    "result": "correct",
    "time": 0.19729,
  },
  {
    "name": "benchmark/imdb/22c.benchmark",
    "iteration": 0,
  },
  {
    "name": "benchmark/imdb/22c.benchmark",
    "iteration": 1,
    "result": "correct",
    "time": 0.372244,
  },
  {
    "name": "benchmark/imdb/22c.benchmark",
    "iteration": 2,
    "result": "correct",
    "time": 0.370169,
  },
  {
    "name": "benchmark/imdb/22c.benchmark",
    "iteration": 3,
    "result": "correct",
    "time": 0.361492,
  },
  {
    "name": "benchmark/imdb/22c.benchmark",
    "iteration": 4,
    "result": "correct",
    "time": 0.360524,
  },
  {
    "name": "benchmark/imdb/22c.benchmark",
    "iteration": 5,
    "result": "correct",
    "time": 0.372788,
  },
  {
    "name": "benchmark/imdb/22d.benchmark",
    "iteration": 0,
  },
  {
    "name": "benchmark/imdb/22d.benchmark",
    "iteration": 1,
    "result": "correct",
    "time": 0.456302,
  },
  {
    "name": "benchmark/imdb/22d.benchmark",
    "iteration": 2,
    "result": "correct",
    "time": 0.466055,
  },
  {
    "name": "benchmark/imdb/22d.benchmark",
    "iteration": 3,
    "result": "correct",
    "time": 0.455667,
  },
  {
    "name": "benchmark/imdb/22d.benchmark",
    "iteration": 4,
    "result": "correct",
    "time": 0.457661,
  },
  {
    "name": "benchmark/imdb/22d.benchmark",
    "iteration": 5,
    "result": "correct",
    "time": 0.464849,
  },
  {
    "name": "benchmark/imdb/23a.benchmark",
    "iteration": 0,
  },
  {
    "name": "benchmark/imdb/23a.benchmark",
    "iteration": 1,
    "result": "correct",
    "time": 0.151393,
  },
  {
    "name": "benchmark/imdb/23a.benchmark",
    "iteration": 2,
    "result": "correct",
    "time": 0.153414,
  },
  {
    "name": "benchmark/imdb/23a.benchmark",
    "iteration": 3,
    "result": "correct",
    "time": 0.151336,
  },
  {
    "name": "benchmark/imdb/23a.benchmark",
    "iteration": 4,
    "result": "correct",
    "time": 0.153713,
  },
  {
    "name": "benchmark/imdb/23a.benchmark",
    "iteration": 5,
    "result": "correct",
    "time": 0.154013,
  },
  {
    "name": "benchmark/imdb/23b.benchmark",
    "iteration": 0,
  },
  {
    "name": "benchmark/imdb/23b.benchmark",
    "iteration": 1,
    "result": "correct",
    "time": 0.156946,
  },
  {
    "name": "benchmark/imdb/23b.benchmark",
    "iteration": 2,
    "result": "correct",
    "time": 0.160162,
  },
  {
    "name": "benchmark/imdb/23b.benchmark",
    "iteration": 3,
    "result": "correct",
    "time": 0.16826,
  },
  {
    "name": "benchmark/imdb/23b.benchmark",
    "iteration": 4,
    "result": "correct",
    "time": 0.160466,
  },
  {
    "name": "benchmark/imdb/23b.benchmark",
    "iteration": 5,
    "result": "correct",
    "time": 0.158785,
  },
  {
    "name": "benchmark/imdb/23c.benchmark",
    "iteration": 0,
  },
  {
    "name": "benchmark/imdb/23c.benchmark",
    "iteration": 1,
    "result": "correct",
    "time": 0.191952,
  },
  {
    "name": "benchmark/imdb/23c.benchmark",
    "iteration": 2,
    "result": "correct",
    "time": 0.200948,
  },
  {
    "name": "benchmark/imdb/23c.benchmark",
    "iteration": 3,
    "result": "correct",
    "time": 0.197542,
  },
  {
    "name": "benchmark/imdb/23c.benchmark",
    "iteration": 4,
    "result": "correct",
    "time": 0.182503,
  },
  {
    "name": "benchmark/imdb/23c.benchmark",
    "iteration": 5,
    "result": "correct",
    "time": 0.183501,
  },
  {
    "name": "benchmark/imdb/24a.benchmark",
    "iteration": 0,
  },
  {
    "name": "benchmark/imdb/24a.benchmark",
    "iteration": 1,
    "result": "correct",
    "time": 0.518536,
  },
  {
    "name": "benchmark/imdb/24a.benchmark",
    "iteration": 2,
    "result": "correct",
    "time": 0.519431,
  },
  {
    "name": "benchmark/imdb/24a.benchmark",
    "iteration": 3,
    "result": "correct",
    "time": 0.516772,
  },
  {
    "name": "benchmark/imdb/24a.benchmark",
    "iteration": 4,
    "result": "correct",
    "time": 0.52549,
  },
  {
    "name": "benchmark/imdb/24a.benchmark",
    "iteration": 5,
    "result": "correct",
    "time": 0.51999,
  },
  {
    "name": "benchmark/imdb/24b.benchmark",
    "iteration": 0,
  },
  {
    "name": "benchmark/imdb/24b.benchmark",
    "iteration": 1,
    "result": "correct",
    "time": 0.41751,
  },
  {
    "name": "benchmark/imdb/24b.benchmark",
    "iteration": 2,
    "result": "correct",
    "time": 0.415511,
  },
  {
    "name": "benchmark/imdb/24b.benchmark",
    "iteration": 3,
    "result": "correct",
    "time": 0.415236,
  },
  {
    "name": "benchmark/imdb/24b.benchmark",
    "iteration": 4,
    "result": "correct",
    "time": 0.414407,
  },
  {
    "name": "benchmark/imdb/24b.benchmark",
    "iteration": 5,
    "result": "correct",
    "time": 0.416713,
  },
  {
    "name": "benchmark/imdb/25a.benchmark",
    "iteration": 0,
  },
  {
    "name": "benchmark/imdb/25a.benchmark",
    "iteration": 1,
    "result": "correct",
    "time": 0.720675,
  },
  {
    "name": "benchmark/imdb/25a.benchmark",
    "iteration": 2,
    "result": "correct",
    "time": 0.725507,
  },
  {
    "name": "benchmark/imdb/25a.benchmark",
    "iteration": 3,
    "result": "correct",
    "time": 0.737579,
  },
  {
    "name": "benchmark/imdb/25a.benchmark",
    "iteration": 4,
    "result": "correct",
    "time": 0.723766,
  },
  {
    "name": "benchmark/imdb/25a.benchmark",
    "iteration": 5,
    "result": "correct",
    "time": 0.726424,
  },
  {
    "name": "benchmark/imdb/25b.benchmark",
    "iteration": 0,
  },
  {
    "name": "benchmark/imdb/25b.benchmark",
    "iteration": 1,
    "result": "correct",
    "time": 0.188252,
  },
  {
    "name": "benchmark/imdb/25b.benchmark",
    "iteration": 2,
    "result": "correct",
    "time": 0.194104,
  },
  {
    "name": "benchmark/imdb/25b.benchmark",
    "iteration": 3,
    "result": "correct",
    "time": 0.188909,
  },
  {
    "name": "benchmark/imdb/25b.benchmark",
    "iteration": 4,
    "result": "correct",
    "time": 0.188715,
  },
  {
    "name": "benchmark/imdb/25b.benchmark",
    "iteration": 5,
    "result": "correct",
    "time": 0.187267,
  },
  {
    "name": "benchmark/imdb/25c.benchmark",
    "iteration": 0,
  },
  {
    "name": "benchmark/imdb/25c.benchmark",
    "iteration": 1,
    "result": "correct",
    "time": 0.809374,
  },
  {
    "name": "benchmark/imdb/25c.benchmark",
    "iteration": 2,
    "result": "correct",
    "time": 0.816809,
  },
  {
    "name": "benchmark/imdb/25c.benchmark",
    "iteration": 3,
    "result": "correct",
    "time": 0.832648,
  },
  {
    "name": "benchmark/imdb/25c.benchmark",
    "iteration": 4,
    "result": "correct",
    "time": 0.845345,
  },
  {
    "name": "benchmark/imdb/25c.benchmark",
    "iteration": 5,
    "result": "correct",
    "time": 0.84034,
  },
  {
    "name": "benchmark/imdb/26a.benchmark",
    "iteration": 0,
  },
  {
    "name": "benchmark/imdb/26a.benchmark",
    "iteration": 1,
    "result": "correct",
    "time": 0.472913,
  },
  {
    "name": "benchmark/imdb/26a.benchmark",
    "iteration": 2,
    "result": "correct",
    "time": 0.46811,
  },
  {
    "name": "benchmark/imdb/26a.benchmark",
    "iteration": 3,
    "result": "correct",
    "time": 0.463696,
  },
  {
    "name": "benchmark/imdb/26a.benchmark",
    "iteration": 4,
    "result": "correct",
    "time": 0.481619,
  },
  {
    "name": "benchmark/imdb/26a.benchmark",
    "iteration": 5,
    "result": "correct",
    "time": 0.460667,
  },
  {
    "name": "benchmark/imdb/26b.benchmark",
    "iteration": 0,
  },
  {
    "name": "benchmark/imdb/26b.benchmark",
    "iteration": 1,
    "result": "correct",
    "time": 0.347489,
  },
  {
    "name": "benchmark/imdb/26b.benchmark",
    "iteration": 2,
    "result": "correct",
    "time": 0.338784,
  },
  {
    "name": "benchmark/imdb/26b.benchmark",
    "iteration": 3,
    "result": "correct",
    "time": 0.344029,
  },
  {
    "name": "benchmark/imdb/26b.benchmark",
    "iteration": 4,
    "result": "correct",
    "time": 0.340519,
  },
  {
    "name": "benchmark/imdb/26b.benchmark",
    "iteration": 5,
    "result": "correct",
    "time": 0.336943,
  },
  {
    "name": "benchmark/imdb/26c.benchmark",
    "iteration": 0,
  },
  {
    "name": "benchmark/imdb/26c.benchmark",
    "iteration": 1,
    "result": "correct",
    "time": 0.420657,
  },
  {
    "name": "benchmark/imdb/26c.benchmark",
    "iteration": 2,
    "result": "correct",
    "time": 0.459308,
  },
  {
    "name": "benchmark/imdb/26c.benchmark",
    "iteration": 3,
    "result": "correct",
    "time": 0.421877,
  },
  {
    "name": "benchmark/imdb/26c.benchmark",
    "iteration": 4,
    "result": "correct",
    "time": 0.418841,
  },
  {
    "name": "benchmark/imdb/26c.benchmark",
    "iteration": 5,
    "result": "correct",
    "time": 0.429148,
  },
  {
    "name": "benchmark/imdb/27a.benchmark",
    "iteration": 0,
  },
  {
    "name": "benchmark/imdb/27a.benchmark",
    "iteration": 1,
    "result": "correct",
    "time": 0.047324,
  },
  {
    "name": "benchmark/imdb/27a.benchmark",
    "iteration": 2,
    "result": "correct",
    "time": 0.041141,
  },
  {
    "name": "benchmark/imdb/27a.benchmark",
    "iteration": 3,
    "result": "correct",
    "time": 0.040222,
  },
  {
    "name": "benchmark/imdb/27a.benchmark",
    "iteration": 4,
    "result": "correct",
    "time": 0.039001,
  },
  {
    "name": "benchmark/imdb/27a.benchmark",
    "iteration": 5,
    "result": "correct",
    "time": 0.03954,
  },
  {
    "name": "benchmark/imdb/27b.benchmark",
    "iteration": 0,
  },
  {
    "name": "benchmark/imdb/27b.benchmark",
    "iteration": 1,
    "result": "correct",
    "time": 0.028028,
  },
  {
    "name": "benchmark/imdb/27b.benchmark",
    "iteration": 2,
    "result": "correct",
    "time": 0.032085,
  },
  {
    "name": "benchmark/imdb/27b.benchmark",
    "iteration": 3,
    "result": "correct",
    "time": 0.02826,
  },
  {
    "name": "benchmark/imdb/27b.benchmark",
    "iteration": 4,
    "result": "correct",
    "time": 0.0293,
  },
  {
    "name": "benchmark/imdb/27b.benchmark",
    "iteration": 5,
    "result": "correct",
    "time": 0.028613,
  },
  {
    "name": "benchmark/imdb/27c.benchmark",
    "iteration": 0,
  },
  {
    "name": "benchmark/imdb/27c.benchmark",
    "iteration": 1,
    "result": "correct",
    "time": 0.043362,
  },
  {
    "name": "benchmark/imdb/27c.benchmark",
    "iteration": 2,
    "result": "correct",
    "time": 0.049232,
  },
  {
    "name": "benchmark/imdb/27c.benchmark",
    "iteration": 3,
    "result": "correct",
    "time": 0.046558,
  },
  {
    "name": "benchmark/imdb/27c.benchmark",
    "iteration": 4,
    "result": "correct",
    "time": 0.049719,
  },
  {
    "name": "benchmark/imdb/27c.benchmark",
    "iteration": 5,
    "result": "correct",
    "time": 0.04348,
  },
  {
    "name": "benchmark/imdb/28a.benchmark",
    "iteration": 0,
  },
  {
    "name": "benchmark/imdb/28a.benchmark",
    "iteration": 1,
    "result": "correct",
    "time": 0.626454,
  },
  {
    "name": "benchmark/imdb/28a.benchmark",
    "iteration": 2,
    "result": "correct",
    "time": 0.598866,
  },
  {
    "name": "benchmark/imdb/28a.benchmark",
    "iteration": 3,
    "result": "correct",
    "time": 0.606619,
  },
  {
    "name": "benchmark/imdb/28a.benchmark",
    "iteration": 4,
    "result": "correct",
    "time": 0.609652,
  },
  {
    "name": "benchmark/imdb/28a.benchmark",
    "iteration": 5,
    "result": "correct",
    "time": 0.622451,
  },
  {
    "name": "benchmark/imdb/28b.benchmark",
    "iteration": 0,
  },
  {
    "name": "benchmark/imdb/28b.benchmark",
    "iteration": 1,
    "result": "correct",
    "time": 0.414923,
  },
  {
    "name": "benchmark/imdb/28b.benchmark",
    "iteration": 2,
    "result": "correct",
    "time": 0.40883,
  },
  {
    "name": "benchmark/imdb/28b.benchmark",
    "iteration": 3,
    "result": "correct",
    "time": 0.412656,
  },
  {
    "name": "benchmark/imdb/28b.benchmark",
    "iteration": 4,
    "result": "correct",
    "time": 0.407815,
  },
  {
    "name": "benchmark/imdb/28b.benchmark",
    "iteration": 5,
    "result": "correct",
    "time": 0.404479,
  },
  {
    "name": "benchmark/imdb/28c.benchmark",
    "iteration": 0,
  },
  {
    "name": "benchmark/imdb/28c.benchmark",
    "iteration": 1,
    "result": "correct",
    "time": 0.650572,
  },
  {
    "name": "benchmark/imdb/28c.benchmark",
    "iteration": 2,
    "result": "correct",
    "time": 0.606611,
  },
  {
    "name": "benchmark/imdb/28c.benchmark",
    "iteration": 3,
    "result": "correct",
    "time": 0.605951,
  },
  {
    "name": "benchmark/imdb/28c.benchmark",
    "iteration": 4,
    "result": "correct",
    "time": 0.60912,
  },
  {
    "name": "benchmark/imdb/28c.benchmark",
    "iteration": 5,
    "result": "correct",
    "time": 0.762424,
  },
  {
    "name": "benchmark/imdb/29a.benchmark",
    "iteration": 0,
  },
  {
    "name": "benchmark/imdb/29a.benchmark",
    "iteration": 1,
    "result": "correct",
    "time": 0.350675,
  },
  {
    "name": "benchmark/imdb/29a.benchmark",
    "iteration": 2,
    "result": "correct",
    "time": 0.244179,
  },
  {
    "name": "benchmark/imdb/29a.benchmark",
    "iteration": 3,
    "result": "correct",
    "time": 0.239098,
  },
  {
    "name": "benchmark/imdb/29a.benchmark",
    "iteration": 4,
    "result": "correct",
    "time": 0.232592,
  },
  {
    "name": "benchmark/imdb/29a.benchmark",
    "iteration": 5,
    "result": "correct",
    "time": 0.239202,
  },
  {
    "name": "benchmark/imdb/29b.benchmark",
    "iteration": 0,
  },
  {
    "name": "benchmark/imdb/29b.benchmark",
    "iteration": 1,
    "result": "correct",
    "time": 0.366122,
  },
  {
    "name": "benchmark/imdb/29b.benchmark",
    "iteration": 2,
    "result": "correct",
    "time": 0.36368,
  },
  {
    "name": "benchmark/imdb/29b.benchmark",
    "iteration": 3,
    "result": "correct",
    "time": 0.363522,
  },
  {
    "name": "benchmark/imdb/29b.benchmark",
    "iteration": 4,
    "result": "correct",
    "time": 0.354799,
  },
  {
    "name": "benchmark/imdb/29b.benchmark",
    "iteration": 5,
    "result": "correct",
    "time": 0.38102,
  },
  {
    "name": "benchmark/imdb/29c.benchmark",
    "iteration": 0,
  },
  {
    "name": "benchmark/imdb/29c.benchmark",
    "iteration": 1,
    "result": "correct",
    "time": 0.773347,
  },
  {
    "name": "benchmark/imdb/29c.benchmark",
    "iteration": 2,
    "result": "correct",
    "time": 0.770969,
  },
  {
    "name": "benchmark/imdb/29c.benchmark",
    "iteration": 3,
    "result": "correct",
    "time": 0.791931,
  },
  {
    "name": "benchmark/imdb/29c.benchmark",
    "iteration": 4,
    "result": "correct",
    "time": 0.766979,
  },
  {
    "name": "benchmark/imdb/29c.benchmark",
    "iteration": 5,
    "result": "correct",
    "time": 0.760245,
  },
  {
    "name": "benchmark/imdb/30a.benchmark",
    "iteration": 0,
  },
  {
    "name": "benchmark/imdb/30a.benchmark",
    "iteration": 1,
    "result": "correct",
    "time": 0.677318,
  },
  {
    "name": "benchmark/imdb/30a.benchmark",
    "iteration": 2,
    "result": "correct",
    "time": 0.624852,
  },
  {
    "name": "benchmark/imdb/30a.benchmark",
    "iteration": 3,
    "result": "correct",
    "time": 0.629181,
  },
  {
    "name": "benchmark/imdb/30a.benchmark",
    "iteration": 4,
    "result": "correct",
    "time": 0.620586,
  },
  {
    "name": "benchmark/imdb/30a.benchmark",
    "iteration": 5,
    "result": "correct",
    "time": 0.620366,
  },
  {
    "name": "benchmark/imdb/30b.benchmark",
    "iteration": 0,
  },
  {
    "name": "benchmark/imdb/30b.benchmark",
    "iteration": 1,
    "result": "correct",
    "time": 0.390561,
  },
  {
    "name": "benchmark/imdb/30b.benchmark",
    "iteration": 2,
    "result": "correct",
    "time": 0.41059,
  },
  {
    "name": "benchmark/imdb/30b.benchmark",
    "iteration": 3,
    "result": "correct",
    "time": 0.387357,
  },
  {
    "name": "benchmark/imdb/30b.benchmark",
    "iteration": 4,
    "result": "correct",
    "time": 0.387882,
  },
  {
    "name": "benchmark/imdb/30b.benchmark",
    "iteration": 5,
    "result": "correct",
    "time": 0.389201,
  },
  {
    "name": "benchmark/imdb/30c.benchmark",
    "iteration": 0,
  },
  {
    "name": "benchmark/imdb/30c.benchmark",
    "iteration": 1,
    "result": "correct",
    "time": 0.773321,
  },
  {
    "name": "benchmark/imdb/30c.benchmark",
    "iteration": 2,
    "result": "correct",
    "time": 0.789235,
  },
  {
    "name": "benchmark/imdb/30c.benchmark",
    "iteration": 3,
    "result": "correct",
    "time": 0.771196,
  },
  {
    "name": "benchmark/imdb/30c.benchmark",
    "iteration": 4,
    "result": "correct",
    "time": 0.75267,
  },
  {
    "name": "benchmark/imdb/30c.benchmark",
    "iteration": 5,
    "result": "correct",
    "time": 0.758364,
  },
  {
    "name": "benchmark/imdb/31a.benchmark",
    "iteration": 0,
  },
  {
    "name": "benchmark/imdb/31a.benchmark",
    "iteration": 1,
    "result": "correct",
    "time": 0.544827,
  },
  {
    "name": "benchmark/imdb/31a.benchmark",
    "iteration": 2,
    "result": "correct",
    "time": 0.558502,
  },
  {
    "name": "benchmark/imdb/31a.benchmark",
    "iteration": 3,
    "result": "correct",
    "time": 0.536822,
  },
  {
    "name": "benchmark/imdb/31a.benchmark",
    "iteration": 4,
    "result": "correct",
    "time": 0.540403,
  },
  {
    "name": "benchmark/imdb/31a.benchmark",
    "iteration": 5,
    "result": "correct",
    "time": 0.538467,
  },
  {
    "name": "benchmark/imdb/31b.benchmark",
    "iteration": 0,
  },
  {
    "name": "benchmark/imdb/31b.benchmark",
    "iteration": 1,
    "result": "correct",
    "time": 0.2402,
  },
  {
    "name": "benchmark/imdb/31b.benchmark",
    "iteration": 2,
    "result": "correct",
    "time": 0.240784,
  },
  {
    "name": "benchmark/imdb/31b.benchmark",
    "iteration": 3,
    "result": "correct",
    "time": 0.257095,
  },
  {
    "name": "benchmark/imdb/31b.benchmark",
    "iteration": 4,
    "result": "correct",
    "time": 0.242342,
  },
  {
    "name": "benchmark/imdb/31b.benchmark",
    "iteration": 5,
    "result": "correct",
    "time": 0.251512,
  },
  {
    "name": "benchmark/imdb/31c.benchmark",
    "iteration": 0,
  },
  {
    "name": "benchmark/imdb/31c.benchmark",
    "iteration": 1,
    "result": "correct",
    "time": 0.679848,
  },
  {
    "name": "benchmark/imdb/31c.benchmark",
    "iteration": 2,
    "result": "correct",
    "time": 0.6903,
  },
  {
    "name": "benchmark/imdb/31c.benchmark",
    "iteration": 3,
    "result": "correct",
    "time": 0.684125,
  },
  {
    "name": "benchmark/imdb/31c.benchmark",
    "iteration": 4,
    "result": "correct",
    "time": 0.701621,
  },
  {
    "name": "benchmark/imdb/31c.benchmark",
    "iteration": 5,
    "result": "correct",
    "time": 0.697323,
  },
  {
    "name": "benchmark/imdb/32a.benchmark",
    "iteration": 0,
  },
  {
    "name": "benchmark/imdb/32a.benchmark",
    "iteration": 1,
    "result": "correct",
    "time": 0.005951,
  },
  {
    "name": "benchmark/imdb/32a.benchmark",
    "iteration": 2,
    "result": "correct",
    "time": 0.005355,
  },
  {
    "name": "benchmark/imdb/32a.benchmark",
    "iteration": 3,
    "result": "correct",
    "time": 0.005498,
  },
  {
    "name": "benchmark/imdb/32a.benchmark",
    "iteration": 4,
    "result": "correct",
    "time": 0.006328,
  },
  {
    "name": "benchmark/imdb/32a.benchmark",
    "iteration": 5,
    "result": "correct",
    "time": 0.008247,
  },
  {
    "name": "benchmark/imdb/32b.benchmark",
    "iteration": 0,
  },
  {
    "name": "benchmark/imdb/32b.benchmark",
    "iteration": 1,
    "result": "correct",
    "time": 0.111298,
  },
  {
    "name": "benchmark/imdb/32b.benchmark",
    "iteration": 2,
    "result": "correct",
    "time": 0.105546,
  },
  {
    "name": "benchmark/imdb/32b.benchmark",
    "iteration": 3,
    "result": "correct",
    "time": 0.109093,
  },
  {
    "name": "benchmark/imdb/32b.benchmark",
    "iteration": 4,
    "result": "correct",
    "time": 0.103958,
  },
  {
    "name": "benchmark/imdb/32b.benchmark",
    "iteration": 5,
    "result": "correct",
    "time": 0.113339,
  },
  {
    "name": "benchmark/imdb/33a.benchmark",
    "iteration": 0,
  },
  {
    "name": "benchmark/imdb/33a.benchmark",
    "iteration": 1,
    "result": "correct",
    "time": 0.04807,
  },
  {
    "name": "benchmark/imdb/33a.benchmark",
    "iteration": 2,
    "result": "correct",
    "time": 0.091231,
  },
  {
    "name": "benchmark/imdb/33a.benchmark",
    "iteration": 3,
    "result": "correct",
    "time": 0.049067,
  },
  {
    "name": "benchmark/imdb/33a.benchmark",
    "iteration": 4,
    "result": "correct",
    "time": 0.043829,
  },
  {
    "name": "benchmark/imdb/33a.benchmark",
    "iteration": 5,
    "result": "correct",
    "time": 0.045718,
  },
  {
    "name": "benchmark/imdb/33b.benchmark",
    "iteration": 0,
  },
  {
    "name": "benchmark/imdb/33b.benchmark",
    "iteration": 1,
    "result": "correct",
    "time": 0.061963,
  },
  {
    "name": "benchmark/imdb/33b.benchmark",
    "iteration": 2,
    "result": "correct",
    "time": 0.064674,
  },
  {
    "name": "benchmark/imdb/33b.benchmark",
    "iteration": 3,
    "result": "correct",
    "time": 0.06625,
  },
  {
    "name": "benchmark/imdb/33b.benchmark",
    "iteration": 4,
    "result": "correct",
    "time": 0.060972,
  },
  {
    "name": "benchmark/imdb/33b.benchmark",
    "iteration": 5,
    "result": "correct",
    "time": 0.061791,
  },
  {
    "name": "benchmark/imdb/33c.benchmark",
    "iteration": 0,
  },
  {
    "name": "benchmark/imdb/33c.benchmark",
    "iteration": 1,
    "result": "correct",
    "time": 0.088718,
  },
  {
    "name": "benchmark/imdb/33c.benchmark",
    "iteration": 2,
    "result": "correct",
    "time": 0.092211,
  },
  {
    "name": "benchmark/imdb/33c.benchmark",
    "iteration": 3,
    "result": "correct",
    "time": 0.089591,
  },
  {
    "name": "benchmark/imdb/33c.benchmark",
    "iteration": 4,
    "result": "correct",
    "time": 0.083852,
  },
  {
    "name": "benchmark/imdb/33c.benchmark",
    "iteration": 5,
    "result": "correct",
    "time": 0.091593,
  },
]
