[
  {
    "name": "benchmark/imdb/01a.benchmark",
    "iteration": 0,
  },
  {
    "name": "benchmark/imdb/01a.benchmark",
    "iteration": 1,
    "result": "correct",
    "time": 0.007593,
  },
  {
    "name": "benchmark/imdb/01a.benchmark",
    "iteration": 2,
    "result": "correct",
    "time": 0.007334,
  },
  {
    "name": "benchmark/imdb/01a.benchmark",
    "iteration": 3,
    "result": "correct",
    "time": 0.008422,
  },
  {
    "name": "benchmark/imdb/01a.benchmark",
    "iteration": 4,
    "result": "correct",
    "time": 0.007586,
  },
  {
    "name": "benchmark/imdb/01a.benchmark",
    "iteration": 5,
    "result": "correct",
    "time": 0.00737,
  },
  {
    "name": "benchmark/imdb/01b.benchmark",
    "iteration": 0,
  },
  {
    "name": "benchmark/imdb/01b.benchmark",
    "iteration": 1,
    "result": "correct",
    "time": 0.007905,
  },
  {
    "name": "benchmark/imdb/01b.benchmark",
    "iteration": 2,
    "result": "correct",
    "time": 0.007502,
  },
  {
    "name": "benchmark/imdb/01b.benchmark",
    "iteration": 3,
    "result": "correct",
    "time": 0.007501,
  },
  {
    "name": "benchmark/imdb/01b.benchmark",
    "iteration": 4,
    "result": "correct",
    "time": 0.007645,
  },
  {
    "name": "benchmark/imdb/01b.benchmark",
    "iteration": 5,
    "result": "correct",
    "time": 0.008338,
  },
  {
    "name": "benchmark/imdb/01c.benchmark",
    "iteration": 0,
  },
  {
    "name": "benchmark/imdb/01c.benchmark",
    "iteration": 1,
    "result": "correct",
    "time": 0.007301,
  },
  {
    "name": "benchmark/imdb/01c.benchmark",
    "iteration": 2,
    "result": "correct",
    "time": 0.007373,
  },
  {
    "name": "benchmark/imdb/01c.benchmark",
    "iteration": 3,
    "result": "correct",
    "time": 0.006937,
  },
  {
    "name": "benchmark/imdb/01c.benchmark",
    "iteration": 4,
    "result": "correct",
    "time": 0.007117,
  },
  {
    "name": "benchmark/imdb/01c.benchmark",
    "iteration": 5,
    "result": "correct",
    "time": 0.006732,
  },
  {
    "name": "benchmark/imdb/01d.benchmark",
    "iteration": 0,
  },
  {
    "name": "benchmark/imdb/01d.benchmark",
    "iteration": 1,
    "result": "correct",
    "time": 0.015833,
  },
  {
    "name": "benchmark/imdb/01d.benchmark",
    "iteration": 2,
    "result": "correct",
    "time": 0.00962,
  },
  {
    "name": "benchmark/imdb/01d.benchmark",
    "iteration": 3,
    "result": "correct",
    "time": 0.009552,
  },
  {
    "name": "benchmark/imdb/01d.benchmark",
    "iteration": 4,
    "result": "correct",
    "time": 0.008887,
  },
  {
    "name": "benchmark/imdb/01d.benchmark",
    "iteration": 5,
    "result": "correct",
    "time": 0.008863,
  },
  {
    "name": "benchmark/imdb/02a.benchmark",
    "iteration": 0,
  },
  {
    "name": "benchmark/imdb/02a.benchmark",
    "iteration": 1,
    "result": "correct",
    "time": 0.017939,
  },
  {
    "name": "benchmark/imdb/02a.benchmark",
    "iteration": 2,
    "result": "correct",
    "time": 0.018939,
  },
  {
    "name": "benchmark/imdb/02a.benchmark",
    "iteration": 3,
    "result": "correct",
    "time": 0.01785,
  },
  {
    "name": "benchmark/imdb/02a.benchmark",
    "iteration": 4,
    "result": "correct",
    "time": 0.018812,
  },
  {
    "name": "benchmark/imdb/02a.benchmark",
    "iteration": 5,
    "result": "correct",
    "time": 0.018262,
  },
  {
    "name": "benchmark/imdb/02b.benchmark",
    "iteration": 0,
  },
  {
    "name": "benchmark/imdb/02b.benchmark",
    "iteration": 1,
    "result": "correct",
    "time": 0.018496,
  },
  {
    "name": "benchmark/imdb/02b.benchmark",
    "iteration": 2,
    "result": "correct",
    "time": 0.017619,
  },
  {
    "name": "benchmark/imdb/02b.benchmark",
    "iteration": 3,
    "result": "correct",
    "time": 0.018505,
  },
  {
    "name": "benchmark/imdb/02b.benchmark",
    "iteration": 4,
    "result": "correct",
    "time": 0.019223,
  },
  {
    "name": "benchmark/imdb/02b.benchmark",
    "iteration": 5,
    "result": "correct",
    "time": 0.018279,
  },
  {
    "name": "benchmark/imdb/02c.benchmark",
    "iteration": 0,
  },
  {
    "name": "benchmark/imdb/02c.benchmark",
    "iteration": 1,
    "result": "correct",
    "time": 0.014522,
  },
  {
    "name": "benchmark/imdb/02c.benchmark",
    "iteration": 2,
    "result": "correct",
    "time": 0.014351,
  },
  {
    "name": "benchmark/imdb/02c.benchmark",
    "iteration": 3,
    "result": "correct",
    "time": 0.014404,
  },
  {
    "name": "benchmark/imdb/02c.benchmark",
    "iteration": 4,
    "result": "correct",
    "time": 0.014405,
  },
  {
    "name": "benchmark/imdb/02c.benchmark",
    "iteration": 5,
    "result": "correct",
    "time": 0.014137,
  },
  {
    "name": "benchmark/imdb/02d.benchmark",
    "iteration": 0,
  },
  {
    "name": "benchmark/imdb/02d.benchmark",
    "iteration": 1,
    "result": "correct",
    "time": 0.021952,
  },
  {
    "name": "benchmark/imdb/02d.benchmark",
    "iteration": 2,
    "result": "correct",
    "time": 0.021915,
  },
  {
    "name": "benchmark/imdb/02d.benchmark",
    "iteration": 3,
    "result": "correct",
    "time": 0.021248,
  },
  {
    "name": "benchmark/imdb/02d.benchmark",
    "iteration": 4,
    "result": "correct",
    "time": 0.021903,
  },
  {
    "name": "benchmark/imdb/02d.benchmark",
    "iteration": 5,
    "result": "correct",
    "time": 0.021082,
  },
  {
    "name": "benchmark/imdb/03a.benchmark",
    "iteration": 0,
  },
  {
    "name": "benchmark/imdb/03a.benchmark",
    "iteration": 1,
    "result": "correct",
    "time": 0.062851,
  },
  {
    "name": "benchmark/imdb/03a.benchmark",
    "iteration": 2,
    "result": "correct",
    "time": 0.056279,
  },
  {
    "name": "benchmark/imdb/03a.benchmark",
    "iteration": 3,
    "result": "correct",
    "time": 0.05921,
  },
  {
    "name": "benchmark/imdb/03a.benchmark",
    "iteration": 4,
    "result": "correct",
    "time": 0.060293,
  },
  {
    "name": "benchmark/imdb/03a.benchmark",
    "iteration": 5,
    "result": "correct",
    "time": 0.062223,
  },
  {
    "name": "benchmark/imdb/03b.benchmark",
    "iteration": 0,
  },
  {
    "name": "benchmark/imdb/03b.benchmark",
    "iteration": 1,
    "result": "correct",
    "time": 0.037761,
  },
  {
    "name": "benchmark/imdb/03b.benchmark",
    "iteration": 2,
    "result": "correct",
    "time": 0.037669,
  },
  {
    "name": "benchmark/imdb/03b.benchmark",
    "iteration": 3,
    "result": "correct",
    "time": 0.039114,
  },
  {
    "name": "benchmark/imdb/03b.benchmark",
    "iteration": 4,
    "result": "correct",
    "time": 0.037186,
  },
  {
    "name": "benchmark/imdb/03b.benchmark",
    "iteration": 5,
    "result": "correct",
    "time": 0.039528,
  },
  {
    "name": "benchmark/imdb/03c.benchmark",
    "iteration": 0,
  },
  {
    "name": "benchmark/imdb/03c.benchmark",
    "iteration": 1,
    "result": "correct",
    "time": 0.082479,
  },
  {
    "name": "benchmark/imdb/03c.benchmark",
    "iteration": 2,
    "result": "correct",
    "time": 0.079776,
  },
  {
    "name": "benchmark/imdb/03c.benchmark",
    "iteration": 3,
    "result": "correct",
    "time": 0.079167,
  },
  {
    "name": "benchmark/imdb/03c.benchmark",
    "iteration": 4,
    "result": "correct",
    "time": 0.079216,
  },
  {
    "name": "benchmark/imdb/03c.benchmark",
    "iteration": 5,
    "result": "correct",
    "time": 0.082571,
  },
  {
    "name": "benchmark/imdb/04a.benchmark",
    "iteration": 0,
  },
  {
    "name": "benchmark/imdb/04a.benchmark",
    "iteration": 1,
    "result": "correct",
    "time": 0.044056,
  },
  {
    "name": "benchmark/imdb/04a.benchmark",
    "iteration": 2,
    "result": "correct",
    "time": 0.044593,
  },
  {
    "name": "benchmark/imdb/04a.benchmark",
    "iteration": 3,
    "result": "correct",
    "time": 0.040116,
  },
  {
    "name": "benchmark/imdb/04a.benchmark",
    "iteration": 4,
    "result": "correct",
    "time": 0.044896,
  },
  {
    "name": "benchmark/imdb/04a.benchmark",
    "iteration": 5,
    "result": "correct",
    "time": 0.042814,
  },
  {
    "name": "benchmark/imdb/04b.benchmark",
    "iteration": 0,
  },
  {
    "name": "benchmark/imdb/04b.benchmark",
    "iteration": 1,
    "result": "correct",
    "time": 0.01725,
  },
  {
    "name": "benchmark/imdb/04b.benchmark",
    "iteration": 2,
    "result": "correct",
    "time": 0.016797,
  },
  {
    "name": "benchmark/imdb/04b.benchmark",
    "iteration": 3,
    "result": "correct",
    "time": 0.016632,
  },
  {
    "name": "benchmark/imdb/04b.benchmark",
    "iteration": 4,
    "result": "correct",
    "time": 0.016817,
  },
  {
    "name": "benchmark/imdb/04b.benchmark",
    "iteration": 5,
    "result": "correct",
    "time": 0.014735,
  },
  {
    "name": "benchmark/imdb/04c.benchmark",
    "iteration": 0,
  },
  {
    "name": "benchmark/imdb/04c.benchmark",
    "iteration": 1,
    "result": "correct",
    "time": 0.070818,
  },
  {
    "name": "benchmark/imdb/04c.benchmark",
    "iteration": 2,
    "result": "correct",
    "time": 0.070117,
  },
  {
    "name": "benchmark/imdb/04c.benchmark",
    "iteration": 3,
    "result": "correct",
    "time": 0.070834,
  },
  {
    "name": "benchmark/imdb/04c.benchmark",
    "iteration": 4,
    "result": "correct",
    "time": 0.069957,
  },
  {
    "name": "benchmark/imdb/04c.benchmark",
    "iteration": 5,
    "result": "correct",
    "time": 0.068984,
  },
  {
    "name": "benchmark/imdb/05a.benchmark",
    "iteration": 0,
  },
  {
    "name": "benchmark/imdb/05a.benchmark",
    "iteration": 1,
    "result": "correct",
    "time": 0.072306,
  },
  {
    "name": "benchmark/imdb/05a.benchmark",
    "iteration": 2,
    "result": "correct",
    "time": 0.077831,
  },
  {
    "name": "benchmark/imdb/05a.benchmark",
    "iteration": 3,
    "result": "correct",
    "time": 0.083041,
  },
  {
    "name": "benchmark/imdb/05a.benchmark",
    "iteration": 4,
    "result": "correct",
    "time": 0.074792,
  },
  {
    "name": "benchmark/imdb/05a.benchmark",
    "iteration": 5,
    "result": "correct",
    "time": 0.077644,
  },
  {
    "name": "benchmark/imdb/05b.benchmark",
    "iteration": 0,
  },
  {
    "name": "benchmark/imdb/05b.benchmark",
    "iteration": 1,
    "result": "correct",
    "time": 0.049634,
  },
  {
    "name": "benchmark/imdb/05b.benchmark",
    "iteration": 2,
    "result": "correct",
    "time": 0.051466,
  },
  {
    "name": "benchmark/imdb/05b.benchmark",
    "iteration": 3,
    "result": "correct",
    "time": 0.050293,
  },
  {
    "name": "benchmark/imdb/05b.benchmark",
    "iteration": 4,
    "result": "correct",
    "time": 0.051412,
  },
  {
    "name": "benchmark/imdb/05b.benchmark",
    "iteration": 5,
    "result": "correct",
    "time": 0.048528,
  },
  {
    "name": "benchmark/imdb/05c.benchmark",
    "iteration": 0,
  },
  {
    "name": "benchmark/imdb/05c.benchmark",
    "iteration": 1,
    "result": "correct",
    "time": 0.052225,
  },
  {
    "name": "benchmark/imdb/05c.benchmark",
    "iteration": 2,
    "result": "correct",
    "time": 0.055536,
  },
  {
    "name": "benchmark/imdb/05c.benchmark",
    "iteration": 3,
    "result": "correct",
    "time": 0.053111,
  },
  {
    "name": "benchmark/imdb/05c.benchmark",
    "iteration": 4,
    "result": "correct",
    "time": 0.055464,
  },
  {
    "name": "benchmark/imdb/05c.benchmark",
    "iteration": 5,
    "result": "correct",
    "time": 0.056718,
  },
  {
    "name": "benchmark/imdb/06a.benchmark",
    "iteration": 0,
  },
  {
    "name": "benchmark/imdb/06a.benchmark",
    "iteration": 1,
    "result": "correct",
    "time": 0.054941,
  },
  {
    "name": "benchmark/imdb/06a.benchmark",
    "iteration": 2,
    "result": "correct",
    "time": 0.054255,
  },
  {
    "name": "benchmark/imdb/06a.benchmark",
    "iteration": 3,
    "result": "correct",
    "time": 0.052358,
  },
  {
    "name": "benchmark/imdb/06a.benchmark",
    "iteration": 4,
    "result": "correct",
    "time": 0.055011,
  },
  {
    "name": "benchmark/imdb/06a.benchmark",
    "iteration": 5,
    "result": "correct",
    "time": 0.053652,
  },
  {
    "name": "benchmark/imdb/06b.benchmark",
    "iteration": 0,
  },
  {
    "name": "benchmark/imdb/06b.benchmark",
    "iteration": 1,
    "result": "correct",
    "time": 0.03868,
  },
  {
    "name": "benchmark/imdb/06b.benchmark",
    "iteration": 2,
    "result": "correct",
    "time": 0.038229,
  },
  {
    "name": "benchmark/imdb/06b.benchmark",
    "iteration": 3,
    "result": "correct",
    "time": 0.041999,
  },
  {
    "name": "benchmark/imdb/06b.benchmark",
    "iteration": 4,
    "result": "correct",
    "time": 0.040511,
  },
  {
    "name": "benchmark/imdb/06b.benchmark",
    "iteration": 5,
    "result": "correct",
    "time": 0.036861,
  },
  {
    "name": "benchmark/imdb/06c.benchmark",
    "iteration": 0,
  },
  {
    "name": "benchmark/imdb/06c.benchmark",
    "iteration": 1,
    "result": "correct",
    "time": 0.044244,
  },
  {
    "name": "benchmark/imdb/06c.benchmark",
    "iteration": 2,
    "result": "correct",
    "time": 0.0435,
  },
  {
    "name": "benchmark/imdb/06c.benchmark",
    "iteration": 3,
    "result": "correct",
    "time": 0.042634,
  },
  {
    "name": "benchmark/imdb/06c.benchmark",
    "iteration": 4,
    "result": "correct",
    "time": 0.044057,
  },
  {
    "name": "benchmark/imdb/06c.benchmark",
    "iteration": 5,
    "result": "correct",
    "time": 0.043353,
  },
  {
    "name": "benchmark/imdb/06d.benchmark",
    "iteration": 0,
  },
  {
    "name": "benchmark/imdb/06d.benchmark",
    "iteration": 1,
    "result": "correct",
    "time": 0.074689,
  },
  {
    "name": "benchmark/imdb/06d.benchmark",
    "iteration": 2,
    "result": "correct",
    "time": 0.079737,
  },
  {
    "name": "benchmark/imdb/06d.benchmark",
    "iteration": 3,
    "result": "correct",
    "time": 0.079379,
  },
  {
    "name": "benchmark/imdb/06d.benchmark",
    "iteration": 4,
    "result": "correct",
    "time": 0.081524,
  },
  {
    "name": "benchmark/imdb/06d.benchmark",
    "iteration": 5,
    "result": "correct",
    "time": 0.07656,
  },
  {
    "name": "benchmark/imdb/06e.benchmark",
    "iteration": 0,
  },
  {
    "name": "benchmark/imdb/06e.benchmark",
    "iteration": 1,
    "result": "correct",
    "time": 0.057998,
  },
  {
    "name": "benchmark/imdb/06e.benchmark",
    "iteration": 2,
    "result": "correct",
    "time": 0.056709,
  },
  {
    "name": "benchmark/imdb/06e.benchmark",
    "iteration": 3,
    "result": "correct",
    "time": 0.057035,
  },
  {
    "name": "benchmark/imdb/06e.benchmark",
    "iteration": 4,
    "result": "correct",
    "time": 0.058697,
  },
  {
    "name": "benchmark/imdb/06e.benchmark",
    "iteration": 5,
    "result": "correct",
    "time": 0.057795,
  },
  {
    "name": "benchmark/imdb/06f.benchmark",
    "iteration": 0,
  },
  {
    "name": "benchmark/imdb/06f.benchmark",
    "iteration": 1,
    "result": "correct",
    "time": 0.291651,
  },
  {
    "name": "benchmark/imdb/06f.benchmark",
    "iteration": 2,
    "result": "correct",
    "time": 0.28546,
  },
  {
    "name": "benchmark/imdb/06f.benchmark",
    "iteration": 3,
    "result": "correct",
    "time": 0.28326,
  },
  {
    "name": "benchmark/imdb/06f.benchmark",
    "iteration": 4,
    "result": "correct",
    "time": 0.280769,
  },
  {
    "name": "benchmark/imdb/06f.benchmark",
    "iteration": 5,
    "result": "correct",
    "time": 0.287888,
  },
  {
    "name": "benchmark/imdb/07a.benchmark",
    "iteration": 0,
  },
  {
    "name": "benchmark/imdb/07a.benchmark",
    "iteration": 1,
    "result": "correct",
    "time": 0.032221,
  },
  {
    "name": "benchmark/imdb/07a.benchmark",
    "iteration": 2,
    "result": "correct",
    "time": 0.031922,
  },
  {
    "name": "benchmark/imdb/07a.benchmark",
    "iteration": 3,
    "result": "correct",
    "time": 0.030474,
  },
  {
    "name": "benchmark/imdb/07a.benchmark",
    "iteration": 4,
    "result": "correct",
    "time": 0.029732,
  },
  {
    "name": "benchmark/imdb/07a.benchmark",
    "iteration": 5,
    "result": "correct",
    "time": 0.033393,
  },
  {
    "name": "benchmark/imdb/07b.benchmark",
    "iteration": 0,
  },
  {
    "name": "benchmark/imdb/07b.benchmark",
    "iteration": 1,
    "result": "correct",
    "time": 0.020335,
  },
  {
    "name": "benchmark/imdb/07b.benchmark",
    "iteration": 2,
    "result": "correct",
    "time": 0.019453,
  },
  {
    "name": "benchmark/imdb/07b.benchmark",
    "iteration": 3,
    "result": "correct",
    "time": 0.023924,
  },
  {
    "name": "benchmark/imdb/07b.benchmark",
    "iteration": 4,
    "result": "correct",
    "time": 0.019927,
  },
  {
    "name": "benchmark/imdb/07b.benchmark",
    "iteration": 5,
    "result": "correct",
    "time": 0.020088,
  },
  {
    "name": "benchmark/imdb/07c.benchmark",
    "iteration": 0,
  },
  {
    "name": "benchmark/imdb/07c.benchmark",
    "iteration": 1,
    "result": "correct",
    "time": 0.714496,
  },
  {
    "name": "benchmark/imdb/07c.benchmark",
    "iteration": 2,
    "result": "correct",
    "time": 0.353988,
  },
  {
    "name": "benchmark/imdb/07c.benchmark",
    "iteration": 3,
    "result": "correct",
    "time": 0.333829,
  },
  {
    "name": "benchmark/imdb/07c.benchmark",
    "iteration": 4,
    "result": "correct",
    "time": 0.322169,
  },
  {
    "name": "benchmark/imdb/07c.benchmark",
    "iteration": 5,
    "result": "correct",
    "time": 0.331465,
  },
  {
    "name": "benchmark/imdb/08a.benchmark",
    "iteration": 0,
  },
  {
    "name": "benchmark/imdb/08a.benchmark",
    "iteration": 1,
    "result": "correct",
    "time": 0.067959,
  },
  {
    "name": "benchmark/imdb/08a.benchmark",
    "iteration": 2,
    "result": "correct",
    "time": 0.029473,
  },
  {
    "name": "benchmark/imdb/08a.benchmark",
    "iteration": 3,
    "result": "correct",
    "time": 0.034317,
  },
  {
    "name": "benchmark/imdb/08a.benchmark",
    "iteration": 4,
    "result": "correct",
    "time": 0.038142,
  },
  {
    "name": "benchmark/imdb/08a.benchmark",
    "iteration": 5,
    "result": "correct",
    "time": 0.035082,
  },
  {
    "name": "benchmark/imdb/08b.benchmark",
    "iteration": 0,
  },
  {
    "name": "benchmark/imdb/08b.benchmark",
    "iteration": 1,
    "result": "correct",
    "time": 0.054879,
  },
  {
    "name": "benchmark/imdb/08b.benchmark",
    "iteration": 2,
    "result": "correct",
    "time": 0.05368,
  },
  {
    "name": "benchmark/imdb/08b.benchmark",
    "iteration": 3,
    "result": "correct",
    "time": 0.057343,
  },
  {
    "name": "benchmark/imdb/08b.benchmark",
    "iteration": 4,
    "result": "correct",
    "time": 0.05443,
  },
  {
    "name": "benchmark/imdb/08b.benchmark",
    "iteration": 5,
    "result": "correct",
    "time": 0.056247,
  },
  {
    "name": "benchmark/imdb/08c.benchmark",
    "iteration": 0,
  },
  {
    "name": "benchmark/imdb/08c.benchmark",
    "iteration": 1,
    "result": "correct",
    "time": 0.136636,
  },
  {
    "name": "benchmark/imdb/08c.benchmark",
    "iteration": 2,
    "result": "correct",
    "time": 0.13827,
  },
  {
    "name": "benchmark/imdb/08c.benchmark",
    "iteration": 3,
    "result": "correct",
    "time": 0.135849,
  },
  {
    "name": "benchmark/imdb/08c.benchmark",
    "iteration": 4,
    "result": "correct",
    "time": 0.142224,
  },
  {
    "name": "benchmark/imdb/08c.benchmark",
    "iteration": 5,
    "result": "correct",
    "time": 0.137445,
  },
  {
    "name": "benchmark/imdb/08d.benchmark",
    "iteration": 0,
  },
  {
    "name": "benchmark/imdb/08d.benchmark",
    "iteration": 1,
    "result": "correct",
    "time": 0.052958,
  },
  {
    "name": "benchmark/imdb/08d.benchmark",
    "iteration": 2,
    "result": "correct",
    "time": 0.054715,
  },
  {
    "name": "benchmark/imdb/08d.benchmark",
    "iteration": 3,
    "result": "correct",
    "time": 0.055522,
  },
  {
    "name": "benchmark/imdb/08d.benchmark",
    "iteration": 4,
    "result": "correct",
    "time": 0.054699,
  },
  {
    "name": "benchmark/imdb/08d.benchmark",
    "iteration": 5,
    "result": "correct",
    "time": 0.057148,
  },
  {
    "name": "benchmark/imdb/09a.benchmark",
    "iteration": 0,
  },
  {
    "name": "benchmark/imdb/09a.benchmark",
    "iteration": 1,
    "result": "correct",
    "time": 0.090048,
  },
  {
    "name": "benchmark/imdb/09a.benchmark",
    "iteration": 2,
    "result": "correct",
    "time": 0.092379,
  },
  {
    "name": "benchmark/imdb/09a.benchmark",
    "iteration": 3,
    "result": "correct",
    "time": 0.091437,
  },
  {
    "name": "benchmark/imdb/09a.benchmark",
    "iteration": 4,
    "result": "correct",
    "time": 0.090686,
  },
  {
    "name": "benchmark/imdb/09a.benchmark",
    "iteration": 5,
    "result": "correct",
    "time": 0.093933,
  },
  {
    "name": "benchmark/imdb/09b.benchmark",
    "iteration": 0,
  },
  {
    "name": "benchmark/imdb/09b.benchmark",
    "iteration": 1,
    "result": "correct",
    "time": 0.06029,
  },
  {
    "name": "benchmark/imdb/09b.benchmark",
    "iteration": 2,
    "result": "correct",
    "time": 0.057842,
  },
  {
    "name": "benchmark/imdb/09b.benchmark",
    "iteration": 3,
    "result": "correct",
    "time": 0.062228,
  },
  {
    "name": "benchmark/imdb/09b.benchmark",
    "iteration": 4,
    "result": "correct",
    "time": 0.060888,
  },
  {
    "name": "benchmark/imdb/09b.benchmark",
    "iteration": 5,
    "result": "correct",
    "time": 0.063578,
  },
  {
    "name": "benchmark/imdb/09c.benchmark",
    "iteration": 0,
  },
  {
    "name": "benchmark/imdb/09c.benchmark",
    "iteration": 1,
    "result": "correct",
    "time": 0.085864,
  },
  {
    "name": "benchmark/imdb/09c.benchmark",
    "iteration": 2,
    "result": "correct",
    "time": 0.087998,
  },
  {
    "name": "benchmark/imdb/09c.benchmark",
    "iteration": 3,
    "result": "correct",
    "time": 0.080753,
  },
  {
    "name": "benchmark/imdb/09c.benchmark",
    "iteration": 4,
    "result": "correct",
    "time": 0.087229,
  },
  {
    "name": "benchmark/imdb/09c.benchmark",
    "iteration": 5,
    "result": "correct",
    "time": 0.084387,
  },
  {
    "name": "benchmark/imdb/09d.benchmark",
    "iteration": 0,
  },
  {
    "name": "benchmark/imdb/09d.benchmark",
    "iteration": 1,
    "result": "correct",
    "time": 0.111587,
  },
  {
    "name": "benchmark/imdb/09d.benchmark",
    "iteration": 2,
    "result": "correct",
    "time": 0.116603,
  },
  {
    "name": "benchmark/imdb/09d.benchmark",
    "iteration": 3,
    "result": "correct",
    "time": 0.113795,
  },
  {
    "name": "benchmark/imdb/09d.benchmark",
    "iteration": 4,
    "result": "correct",
    "time": 0.113626,
  },
  {
    "name": "benchmark/imdb/09d.benchmark",
    "iteration": 5,
    "result": "correct",
    "time": 0.112949,
  },
  {
    "name": "benchmark/imdb/10a.benchmark",
    "iteration": 0,
  },
  {
    "name": "benchmark/imdb/10a.benchmark",
    "iteration": 1,
    "result": "correct",
    "time": 0.057407,
  },
  {
    "name": "benchmark/imdb/10a.benchmark",
    "iteration": 2,
    "result": "correct",
    "time": 0.060413,
  },
  {
    "name": "benchmark/imdb/10a.benchmark",
    "iteration": 3,
    "result": "correct",
    "time": 0.057609,
  },
  {
    "name": "benchmark/imdb/10a.benchmark",
    "iteration": 4,
    "result": "correct",
    "time": 0.061579,
  },
  {
    "name": "benchmark/imdb/10a.benchmark",
    "iteration": 5,
    "result": "correct",
    "time": 0.060425,
  },
  {
    "name": "benchmark/imdb/10b.benchmark",
    "iteration": 0,
  },
  {
    "name": "benchmark/imdb/10b.benchmark",
    "iteration": 1,
    "result": "correct",
    "time": 0.045021,
  },
  {
    "name": "benchmark/imdb/10b.benchmark",
    "iteration": 2,
    "result": "correct",
    "time": 0.04262,
  },
  {
    "name": "benchmark/imdb/10b.benchmark",
    "iteration": 3,
    "result": "correct",
    "time": 0.04019,
  },
  {
    "name": "benchmark/imdb/10b.benchmark",
    "iteration": 4,
    "result": "correct",
    "time": 0.039828,
  },
  {
    "name": "benchmark/imdb/10b.benchmark",
    "iteration": 5,
    "result": "correct",
    "time": 0.040118,
  },
  {
    "name": "benchmark/imdb/10c.benchmark",
    "iteration": 0,
  },
  {
    "name": "benchmark/imdb/10c.benchmark",
    "iteration": 1,
    "result": "correct",
    "time": 0.153108,
  },
  {
    "name": "benchmark/imdb/10c.benchmark",
    "iteration": 2,
    "result": "correct",
    "time": 0.157396,
  },
  {
    "name": "benchmark/imdb/10c.benchmark",
    "iteration": 3,
    "result": "correct",
    "time": 0.155774,
  },
  {
    "name": "benchmark/imdb/10c.benchmark",
    "iteration": 4,
    "result": "correct",
    "time": 0.152908,
  },
  {
    "name": "benchmark/imdb/10c.benchmark",
    "iteration": 5,
    "result": "correct",
    "time": 0.157328,
  },
  {
    "name": "benchmark/imdb/11a.benchmark",
    "iteration": 0,
  },
  {
    "name": "benchmark/imdb/11a.benchmark",
    "iteration": 1,
    "result": "correct",
    "time": 0.01884,
  },
  {
    "name": "benchmark/imdb/11a.benchmark",
    "iteration": 2,
    "result": "correct",
    "time": 0.017714,
  },
  {
    "name": "benchmark/imdb/11a.benchmark",
    "iteration": 3,
    "result": "correct",
    "time": 0.018077,
  },
  {
    "name": "benchmark/imdb/11a.benchmark",
    "iteration": 4,
    "result": "correct",
    "time": 0.017532,
  },
  {
    "name": "benchmark/imdb/11a.benchmark",
    "iteration": 5,
    "result": "correct",
    "time": 0.016299,
  },
  {
    "name": "benchmark/imdb/11b.benchmark",
    "iteration": 0,
  },
  {
    "name": "benchmark/imdb/11b.benchmark",
    "iteration": 1,
    "result": "correct",
    "time": 0.023283,
  },
  {
    "name": "benchmark/imdb/11b.benchmark",
    "iteration": 2,
    "result": "correct",
    "time": 0.02206,
  },
  {
    "name": "benchmark/imdb/11b.benchmark",
    "iteration": 3,
    "result": "correct",
    "time": 0.020447,
  },
  {
    "name": "benchmark/imdb/11b.benchmark",
    "iteration": 4,
    "result": "correct",
    "time": 0.02126,
  },
  {
    "name": "benchmark/imdb/11b.benchmark",
    "iteration": 5,
    "result": "correct",
    "time": 0.0197,
  },
  {
    "name": "benchmark/imdb/11c.benchmark",
    "iteration": 0,
  },
  {
    "name": "benchmark/imdb/11c.benchmark",
    "iteration": 1,
    "result": "correct",
    "time": 0.058309,
  },
  {
    "name": "benchmark/imdb/11c.benchmark",
    "iteration": 2,
    "result": "correct",
    "time": 0.057568,
  },
  {
    "name": "benchmark/imdb/11c.benchmark",
    "iteration": 3,
    "result": "correct",
    "time": 0.061861,
  },
  {
    "name": "benchmark/imdb/11c.benchmark",
    "iteration": 4,
    "result": "correct",
    "time": 0.060545,
  },
  {
    "name": "benchmark/imdb/11c.benchmark",
    "iteration": 5,
    "result": "correct",
    "time": 0.05644,
  },
  {
    "name": "benchmark/imdb/11d.benchmark",
    "iteration": 0,
  },
  {
    "name": "benchmark/imdb/11d.benchmark",
    "iteration": 1,
    "result": "correct",
    "time": 0.187691,
  },
  {
    "name": "benchmark/imdb/11d.benchmark",
    "iteration": 2,
    "result": "correct",
    "time": 0.183011,
  },
  {
    "name": "benchmark/imdb/11d.benchmark",
    "iteration": 3,
    "result": "correct",
    "time": 0.183959,
  },
  {
    "name": "benchmark/imdb/11d.benchmark",
    "iteration": 4,
    "result": "correct",
    "time": 0.193912,
  },
  {
    "name": "benchmark/imdb/11d.benchmark",
    "iteration": 5,
    "result": "correct",
    "time": 0.182437,
  },
  {
    "name": "benchmark/imdb/12a.benchmark",
    "iteration": 0,
  },
  {
    "name": "benchmark/imdb/12a.benchmark",
    "iteration": 1,
    "result": "correct",
    "time": 0.026657,
  },
  {
    "name": "benchmark/imdb/12a.benchmark",
    "iteration": 2,
    "result": "correct",
    "time": 0.022424,
  },
  {
    "name": "benchmark/imdb/12a.benchmark",
    "iteration": 3,
    "result": "correct",
    "time": 0.023521,
  },
  {
    "name": "benchmark/imdb/12a.benchmark",
    "iteration": 4,
    "result": "correct",
    "time": 0.022157,
  },
  {
    "name": "benchmark/imdb/12a.benchmark",
    "iteration": 5,
    "result": "correct",
    "time": 0.023916,
  },
  {
    "name": "benchmark/imdb/12b.benchmark",
    "iteration": 0,
  },
  {
    "name": "benchmark/imdb/12b.benchmark",
    "iteration": 1,
    "result": "correct",
    "time": 0.03759,
  },
  {
    "name": "benchmark/imdb/12b.benchmark",
    "iteration": 2,
    "result": "correct",
    "time": 0.038209,
  },
  {
    "name": "benchmark/imdb/12b.benchmark",
    "iteration": 3,
    "result": "correct",
    "time": 0.035887,
  },
  {
    "name": "benchmark/imdb/12b.benchmark",
    "iteration": 4,
    "result": "correct",
    "time": 0.038541,
  },
  {
    "name": "benchmark/imdb/12b.benchmark",
    "iteration": 5,
    "result": "correct",
    "time": 0.039796,
  },
  {
    "name": "benchmark/imdb/12c.benchmark",
    "iteration": 0,
  },
  {
    "name": "benchmark/imdb/12c.benchmark",
    "iteration": 1,
    "result": "correct",
    "time": 0.030733,
  },
  {
    "name": "benchmark/imdb/12c.benchmark",
    "iteration": 2,
    "result": "correct",
    "time": 0.026927,
  },
  {
    "name": "benchmark/imdb/12c.benchmark",
    "iteration": 3,
    "result": "correct",
    "time": 0.030812,
  },
  {
    "name": "benchmark/imdb/12c.benchmark",
    "iteration": 4,
    "result": "correct",
    "time": 0.0289,
  },
  {
    "name": "benchmark/imdb/12c.benchmark",
    "iteration": 5,
    "result": "correct",
    "time": 0.028832,
  },
  {
    "name": "benchmark/imdb/13a.benchmark",
    "iteration": 0,
  },
  {
    "name": "benchmark/imdb/13a.benchmark",
    "iteration": 1,
    "result": "correct",
    "time": 0.026956,
  },
  {
    "name": "benchmark/imdb/13a.benchmark",
    "iteration": 2,
    "result": "correct",
    "time": 0.02397,
  },
  {
    "name": "benchmark/imdb/13a.benchmark",
    "iteration": 3,
    "result": "correct",
    "time": 0.025472,
  },
  {
    "name": "benchmark/imdb/13a.benchmark",
    "iteration": 4,
    "result": "correct",
    "time": 0.023744,
  },
  {
    "name": "benchmark/imdb/13a.benchmark",
    "iteration": 5,
    "result": "correct",
    "time": 0.024317,
  },
  {
    "name": "benchmark/imdb/13b.benchmark",
    "iteration": 0,
  },
  {
    "name": "benchmark/imdb/13b.benchmark",
    "iteration": 1,
    "result": "correct",
    "time": 0.050335,
  },
  {
    "name": "benchmark/imdb/13b.benchmark",
    "iteration": 2,
    "result": "correct",
    "time": 0.048988,
  },
  {
    "name": "benchmark/imdb/13b.benchmark",
    "iteration": 3,
    "result": "correct",
    "time": 0.050764,
  },
  {
    "name": "benchmark/imdb/13b.benchmark",
    "iteration": 4,
    "result": "correct",
    "time": 0.052519,
  },
  {
    "name": "benchmark/imdb/13b.benchmark",
    "iteration": 5,
    "result": "correct",
    "time": 0.048798,
  },
  {
    "name": "benchmark/imdb/13c.benchmark",
    "iteration": 0,
  },
  {
    "name": "benchmark/imdb/13c.benchmark",
    "iteration": 1,
    "result": "correct",
    "time": 0.057346,
  },
  {
    "name": "benchmark/imdb/13c.benchmark",
    "iteration": 2,
    "result": "correct",
    "time": 0.048002,
  },
  {
    "name": "benchmark/imdb/13c.benchmark",
    "iteration": 3,
    "result": "correct",
    "time": 0.049905,
  },
  {
    "name": "benchmark/imdb/13c.benchmark",
    "iteration": 4,
    "result": "correct",
    "time": 0.045026,
  },
  {
    "name": "benchmark/imdb/13c.benchmark",
    "iteration": 5,
    "result": "correct",
    "time": 0.048455,
  },
  {
    "name": "benchmark/imdb/13d.benchmark",
    "iteration": 0,
  },
  {
    "name": "benchmark/imdb/13d.benchmark",
    "iteration": 1,
    "result": "correct",
    "time": 0.0464,
  },
  {
    "name": "benchmark/imdb/13d.benchmark",
    "iteration": 2,
    "result": "correct",
    "time": 0.043322,
  },
  {
    "name": "benchmark/imdb/13d.benchmark",
    "iteration": 3,
    "result": "correct",
    "time": 0.044047,
  },
  {
    "name": "benchmark/imdb/13d.benchmark",
    "iteration": 4,
    "result": "correct",
    "time": 0.043933,
  },
  {
    "name": "benchmark/imdb/13d.benchmark",
    "iteration": 5,
    "result": "correct",
    "time": 0.043179,
  },
  {
    "name": "benchmark/imdb/14a.benchmark",
    "iteration": 0,
  },
  {
    "name": "benchmark/imdb/14a.benchmark",
    "iteration": 1,
    "result": "correct",
    "time": 0.039278,
  },
  {
    "name": "benchmark/imdb/14a.benchmark",
    "iteration": 2,
    "result": "correct",
    "time": 0.041401,
  },
  {
    "name": "benchmark/imdb/14a.benchmark",
    "iteration": 3,
    "result": "correct",
    "time": 0.042898,
  },
  {
    "name": "benchmark/imdb/14a.benchmark",
    "iteration": 4,
    "result": "correct",
    "time": 0.040086,
  },
  {
    "name": "benchmark/imdb/14a.benchmark",
    "iteration": 5,
    "result": "correct",
    "time": 0.040305,
  },
  {
    "name": "benchmark/imdb/14b.benchmark",
    "iteration": 0,
  },
  {
    "name": "benchmark/imdb/14b.benchmark",
    "iteration": 1,
    "result": "correct",
    "time": 0.018078,
  },
  {
    "name": "benchmark/imdb/14b.benchmark",
    "iteration": 2,
    "result": "correct",
    "time": 0.022113,
  },
  {
    "name": "benchmark/imdb/14b.benchmark",
    "iteration": 3,
    "result": "correct",
    "time": 0.017829,
  },
  {
    "name": "benchmark/imdb/14b.benchmark",
    "iteration": 4,
    "result": "correct",
    "time": 0.019504,
  },
  {
    "name": "benchmark/imdb/14b.benchmark",
    "iteration": 5,
    "result": "correct",
    "time": 0.018739,
  },
  {
    "name": "benchmark/imdb/14c.benchmark",
    "iteration": 0,
  },
  {
    "name": "benchmark/imdb/14c.benchmark",
    "iteration": 1,
    "result": "correct",
    "time": 0.050058,
  },
  {
    "name": "benchmark/imdb/14c.benchmark",
    "iteration": 2,
    "result": "correct",
    "time": 0.055394,
  },
  {
    "name": "benchmark/imdb/14c.benchmark",
    "iteration": 3,
    "result": "correct",
    "time": 0.052805,
  },
  {
    "name": "benchmark/imdb/14c.benchmark",
    "iteration": 4,
    "result": "correct",
    "time": 0.05299,
  },
  {
    "name": "benchmark/imdb/14c.benchmark",
    "iteration": 5,
    "result": "correct",
    "time": 0.052321,
  },
  {
    "name": "benchmark/imdb/15a.benchmark",
    "iteration": 0,
  },
  {
    "name": "benchmark/imdb/15a.benchmark",
    "iteration": 1,
    "result": "correct",
    "time": 0.065322,
  },
  {
    "name": "benchmark/imdb/15a.benchmark",
    "iteration": 2,
    "result": "correct",
    "time": 0.067134,
  },
  {
    "name": "benchmark/imdb/15a.benchmark",
    "iteration": 3,
    "result": "correct",
    "time": 0.070479,
  },
  {
    "name": "benchmark/imdb/15a.benchmark",
    "iteration": 4,
    "result": "correct",
    "time": 0.073464,
  },
  {
    "name": "benchmark/imdb/15a.benchmark",
    "iteration": 5,
    "result": "correct",
    "time": 0.072565,
  },
  {
    "name": "benchmark/imdb/15b.benchmark",
    "iteration": 0,
  },
  {
    "name": "benchmark/imdb/15b.benchmark",
    "iteration": 1,
    "result": "correct",
    "time": 0.066748,
  },
  {
    "name": "benchmark/imdb/15b.benchmark",
    "iteration": 2,
    "result": "correct",
    "time": 0.064319,
  },
  {
    "name": "benchmark/imdb/15b.benchmark",
    "iteration": 3,
    "result": "correct",
    "time": 0.063008,
  },
  {
    "name": "benchmark/imdb/15b.benchmark",
    "iteration": 4,
    "result": "correct",
    "time": 0.066786,
  },
  {
    "name": "benchmark/imdb/15b.benchmark",
    "iteration": 5,
    "result": "correct",
    "time": 0.065303,
  },
  {
    "name": "benchmark/imdb/15c.benchmark",
    "iteration": 0,
  },
  {
    "name": "benchmark/imdb/15c.benchmark",
    "iteration": 1,
    "result": "correct",
    "time": 0.067791,
  },
  {
    "name": "benchmark/imdb/15c.benchmark",
    "iteration": 2,
    "result": "correct",
    "time": 0.066398,
  },
  {
    "name": "benchmark/imdb/15c.benchmark",
    "iteration": 3,
    "result": "correct",
    "time": 0.06664,
  },
  {
    "name": "benchmark/imdb/15c.benchmark",
    "iteration": 4,
    "result": "correct",
    "time": 0.062586,
  },
  {
    "name": "benchmark/imdb/15c.benchmark",
    "iteration": 5,
    "result": "correct",
    "time": 0.06599,
  },
  {
    "name": "benchmark/imdb/15d.benchmark",
    "iteration": 0,
  },
  {
    "name": "benchmark/imdb/15d.benchmark",
    "iteration": 1,
    "result": "correct",
    "time": 0.07697,
  },
  {
    "name": "benchmark/imdb/15d.benchmark",
    "iteration": 2,
    "result": "correct",
    "time": 0.071529,
  },
  {
    "name": "benchmark/imdb/15d.benchmark",
    "iteration": 3,
    "result": "correct",
    "time": 0.073941,
  },
  {
    "name": "benchmark/imdb/15d.benchmark",
    "iteration": 4,
    "result": "correct",
    "time": 0.080218,
  },
  {
    "name": "benchmark/imdb/15d.benchmark",
    "iteration": 5,
    "result": "correct",
    "time": 0.073606,
  },
  {
    "name": "benchmark/imdb/16a.benchmark",
    "iteration": 0,
  },
  {
    "name": "benchmark/imdb/16a.benchmark",
    "iteration": 1,
    "result": "correct",
    "time": 0.054598,
  },
  {
    "name": "benchmark/imdb/16a.benchmark",
    "iteration": 2,
    "result": "correct",
    "time": 0.0564,
  },
  {
    "name": "benchmark/imdb/16a.benchmark",
    "iteration": 3,
    "result": "correct",
    "time": 0.057835,
  },
  {
    "name": "benchmark/imdb/16a.benchmark",
    "iteration": 4,
    "result": "correct",
    "time": 0.056152,
  },
  {
    "name": "benchmark/imdb/16a.benchmark",
    "iteration": 5,
    "result": "correct",
    "time": 0.05312,
  },
  {
    "name": "benchmark/imdb/16b.benchmark",
    "iteration": 0,
  },
  {
    "name": "benchmark/imdb/16b.benchmark",
    "iteration": 1,
    "result": "correct",
    "time": 0.229054,
  },
  {
    "name": "benchmark/imdb/16b.benchmark",
    "iteration": 2,
    "result": "correct",
    "time": 0.230475,
  },
  {
    "name": "benchmark/imdb/16b.benchmark",
    "iteration": 3,
    "result": "correct",
    "time": 0.217641,
  },
  {
    "name": "benchmark/imdb/16b.benchmark",
    "iteration": 4,
    "result": "correct",
    "time": 0.224942,
  },
  {
    "name": "benchmark/imdb/16b.benchmark",
    "iteration": 5,
    "result": "correct",
    "time": 0.218158,
  },
  {
    "name": "benchmark/imdb/16c.benchmark",
    "iteration": 0,
  },
  {
    "name": "benchmark/imdb/16c.benchmark",
    "iteration": 1,
    "result": "correct",
    "time": 0.071727,
  },
  {
    "name": "benchmark/imdb/16c.benchmark",
    "iteration": 2,
    "result": "correct",
    "time": 0.072551,
  },
  {
    "name": "benchmark/imdb/16c.benchmark",
    "iteration": 3,
    "result": "correct",
    "time": 0.072453,
  },
  {
    "name": "benchmark/imdb/16c.benchmark",
    "iteration": 4,
    "result": "correct",
    "time": 0.072582,
  },
  {
    "name": "benchmark/imdb/16c.benchmark",
    "iteration": 5,
    "result": "correct",
    "time": 0.071497,
  },
  {
    "name": "benchmark/imdb/16d.benchmark",
    "iteration": 0,
  },
  {
    "name": "benchmark/imdb/16d.benchmark",
    "iteration": 1,
    "result": "correct",
    "time": 0.070253,
  },
  {
    "name": "benchmark/imdb/16d.benchmark",
    "iteration": 2,
    "result": "correct",
    "time": 0.072224,
  },
  {
    "name": "benchmark/imdb/16d.benchmark",
    "iteration": 3,
    "result": "correct",
    "time": 0.068265,
  },
  {
    "name": "benchmark/imdb/16d.benchmark",
    "iteration": 4,
    "result": "correct",
    "time": 0.167528,
  },
  {
    "name": "benchmark/imdb/16d.benchmark",
    "iteration": 5,
    "result": "correct",
    "time": 0.082883,
  },
  {
    "name": "benchmark/imdb/17a.benchmark",
    "iteration": 0,
  },
  {
    "name": "benchmark/imdb/17a.benchmark",
    "iteration": 1,
    "result": "correct",
    "time": 0.118786,
  },
  {
    "name": "benchmark/imdb/17a.benchmark",
    "iteration": 2,
    "result": "correct",
    "time": 0.125077,
  },
  {
    "name": "benchmark/imdb/17a.benchmark",
    "iteration": 3,
    "result": "correct",
    "time": 0.119951,
  },
  {
    "name": "benchmark/imdb/17a.benchmark",
    "iteration": 4,
    "result": "correct",
    "time": 0.122504,
  },
  {
    "name": "benchmark/imdb/17a.benchmark",
    "iteration": 5,
    "result": "correct",
    "time": 0.119907,
  },
  {
    "name": "benchmark/imdb/17b.benchmark",
    "iteration": 0,
  },
  {
    "name": "benchmark/imdb/17b.benchmark",
    "iteration": 1,
    "result": "correct",
    "time": 0.105469,
  },
  {
    "name": "benchmark/imdb/17b.benchmark",
    "iteration": 2,
    "result": "correct",
    "time": 0.105282,
  },
  {
    "name": "benchmark/imdb/17b.benchmark",
    "iteration": 3,
    "result": "correct",
    "time": 0.103662,
  },
  {
    "name": "benchmark/imdb/17b.benchmark",
    "iteration": 4,
    "result": "correct",
    "time": 0.106533,
  },
  {
    "name": "benchmark/imdb/17b.benchmark",
    "iteration": 5,
    "result": "correct",
    "time": 0.104576,
  },
  {
    "name": "benchmark/imdb/17c.benchmark",
    "iteration": 0,
  },
  {
    "name": "benchmark/imdb/17c.benchmark",
    "iteration": 1,
    "result": "correct",
    "time": 0.101162,
  },
  {
    "name": "benchmark/imdb/17c.benchmark",
    "iteration": 2,
    "result": "correct",
    "time": 0.10196,
  },
  {
    "name": "benchmark/imdb/17c.benchmark",
    "iteration": 3,
    "result": "correct",
    "time": 0.098937,
  },
  {
    "name": "benchmark/imdb/17c.benchmark",
    "iteration": 4,
    "result": "correct",
    "time": 0.104237,
  },
  {
    "name": "benchmark/imdb/17c.benchmark",
    "iteration": 5,
    "result": "correct",
    "time": 0.10257,
  },
  {
    "name": "benchmark/imdb/17d.benchmark",
    "iteration": 0,
  },
  {
    "name": "benchmark/imdb/17d.benchmark",
    "iteration": 1,
    "result": "correct",
    "time": 0.165613,
  },
  {
    "name": "benchmark/imdb/17d.benchmark",
    "iteration": 2,
    "result": "correct",
    "time": 0.169459,
  },
  {
    "name": "benchmark/imdb/17d.benchmark",
    "iteration": 3,
    "result": "correct",
    "time": 0.163799,
  },
  {
    "name": "benchmark/imdb/17d.benchmark",
    "iteration": 4,
    "result": "correct",
    "time": 0.166487,
  },
  {
    "name": "benchmark/imdb/17d.benchmark",
    "iteration": 5,
    "result": "correct",
    "time": 0.16222,
  },
  {
    "name": "benchmark/imdb/17e.benchmark",
    "iteration": 0,
  },
  {
    "name": "benchmark/imdb/17e.benchmark",
    "iteration": 1,
    "result": "correct",
    "time": 0.120421,
  },
  {
    "name": "benchmark/imdb/17e.benchmark",
    "iteration": 2,
    "result": "correct",
    "time": 0.119642,
  },
  {
    "name": "benchmark/imdb/17e.benchmark",
    "iteration": 3,
    "result": "correct",
    "time": 0.117975,
  },
  {
    "name": "benchmark/imdb/17e.benchmark",
    "iteration": 4,
    "result": "correct",
    "time": 0.122188,
  },
  {
    "name": "benchmark/imdb/17e.benchmark",
    "iteration": 5,
    "result": "correct",
    "time": 0.120674,
  },
  {
    "name": "benchmark/imdb/17f.benchmark",
    "iteration": 0,
  },
  {
    "name": "benchmark/imdb/17f.benchmark",
    "iteration": 1,
    "result": "correct",
    "time": 0.186455,
  },
  {
    "name": "benchmark/imdb/17f.benchmark",
    "iteration": 2,
    "result": "correct",
    "time": 0.183009,
  },
  {
    "name": "benchmark/imdb/17f.benchmark",
    "iteration": 3,
    "result": "correct",
    "time": 0.18353,
  },
  {
    "name": "benchmark/imdb/17f.benchmark",
    "iteration": 4,
    "result": "correct",
    "time": 0.181205,
  },
  {
    "name": "benchmark/imdb/17f.benchmark",
    "iteration": 5,
    "result": "correct",
    "time": 0.185903,
  },
  {
    "name": "benchmark/imdb/18a.benchmark",
    "iteration": 0,
  },
  {
    "name": "benchmark/imdb/18a.benchmark",
    "iteration": 1,
    "result": "correct",
    "time": 0.110614,
  },
  {
    "name": "benchmark/imdb/18a.benchmark",
    "iteration": 2,
    "result": "correct",
    "time": 0.11508,
  },
  {
    "name": "benchmark/imdb/18a.benchmark",
    "iteration": 3,
    "result": "correct",
    "time": 0.116351,
  },
  {
    "name": "benchmark/imdb/18a.benchmark",
    "iteration": 4,
    "result": "correct",
    "time": 0.112097,
  },
  {
    "name": "benchmark/imdb/18a.benchmark",
    "iteration": 5,
    "result": "correct",
    "time": 0.112797,
  },
  {
    "name": "benchmark/imdb/18b.benchmark",
    "iteration": 0,
  },
  {
    "name": "benchmark/imdb/18b.benchmark",
    "iteration": 1,
    "result": "correct",
    "time": 0.088103,
  },
  {
    "name": "benchmark/imdb/18b.benchmark",
    "iteration": 2,
    "result": "correct",
    "time": 0.092313,
  },
  {
    "name": "benchmark/imdb/18b.benchmark",
    "iteration": 3,
    "result": "correct",
    "time": 0.088375,
  },
  {
    "name": "benchmark/imdb/18b.benchmark",
    "iteration": 4,
    "result": "correct",
    "time": 0.083202,
  },
  {
    "name": "benchmark/imdb/18b.benchmark",
    "iteration": 5,
    "result": "correct",
    "time": 0.090094,
  },
  {
    "name": "benchmark/imdb/18c.benchmark",
    "iteration": 0,
  },
  {
    "name": "benchmark/imdb/18c.benchmark",
    "iteration": 1,
    "result": "correct",
    "time": 0.109891,
  },
  {
    "name": "benchmark/imdb/18c.benchmark",
    "iteration": 2,
    "result": "correct",
    "time": 0.109825,
  },
  {
    "name": "benchmark/imdb/18c.benchmark",
    "iteration": 3,
    "result": "correct",
    "time": 0.110636,
  },
  {
    "name": "benchmark/imdb/18c.benchmark",
    "iteration": 4,
    "result": "correct",
    "time": 0.108743,
  },
  {
    "name": "benchmark/imdb/18c.benchmark",
    "iteration": 5,
    "result": "correct",
    "time": 0.1112,
  },
  {
    "name": "benchmark/imdb/19a.benchmark",
    "iteration": 0,
  },
  {
    "name": "benchmark/imdb/19a.benchmark",
    "iteration": 1,
    "result": "correct",
    "time": 0.085465,
  },
  {
    "name": "benchmark/imdb/19a.benchmark",
    "iteration": 2,
    "result": "correct",
    "time": 0.086475,
  },
  {
    "name": "benchmark/imdb/19a.benchmark",
    "iteration": 3,
    "result": "correct",
    "time": 0.084696,
  },
  {
    "name": "benchmark/imdb/19a.benchmark",
    "iteration": 4,
    "result": "correct",
    "time": 0.08294,
  },
  {
    "name": "benchmark/imdb/19a.benchmark",
    "iteration": 5,
    "result": "correct",
    "time": 0.08852,
  },
  {
    "name": "benchmark/imdb/19b.benchmark",
    "iteration": 0,
  },
  {
    "name": "benchmark/imdb/19b.benchmark",
    "iteration": 1,
    "result": "correct",
    "time": 0.07957,
  },
  {
    "name": "benchmark/imdb/19b.benchmark",
    "iteration": 2,
    "result": "correct",
    "time": 0.079114,
  },
  {
    "name": "benchmark/imdb/19b.benchmark",
    "iteration": 3,
    "result": "correct",
    "time": 0.079881,
  },
  {
    "name": "benchmark/imdb/19b.benchmark",
    "iteration": 4,
    "result": "correct",
    "time": 0.079499,
  },
  {
    "name": "benchmark/imdb/19b.benchmark",
    "iteration": 5,
    "result": "correct",
    "time": 0.080704,
  },
  {
    "name": "benchmark/imdb/19c.benchmark",
    "iteration": 0,
  },
  {
    "name": "benchmark/imdb/19c.benchmark",
    "iteration": 1,
    "result": "correct",
    "time": 0.097158,
  },
  {
    "name": "benchmark/imdb/19c.benchmark",
    "iteration": 2,
    "result": "correct",
    "time": 0.099889,
  },
  {
    "name": "benchmark/imdb/19c.benchmark",
    "iteration": 3,
    "result": "correct",
    "time": 0.095941,
  },
  {
    "name": "benchmark/imdb/19c.benchmark",
    "iteration": 4,
    "result": "correct",
    "time": 0.097122,
  },
  {
    "name": "benchmark/imdb/19c.benchmark",
    "iteration": 5,
    "result": "correct",
    "time": 0.095927,
  },
  {
    "name": "benchmark/imdb/19d.benchmark",
    "iteration": 0,
  },
  {
    "name": "benchmark/imdb/19d.benchmark",
    "iteration": 1,
    "result": "correct",
    "time": 0.12665,
  },
  {
    "name": "benchmark/imdb/19d.benchmark",
    "iteration": 2,
    "result": "correct",
    "time": 0.125751,
  },
  {
    "name": "benchmark/imdb/19d.benchmark",
    "iteration": 3,
    "result": "correct",
    "time": 0.134091,
  },
  {
    "name": "benchmark/imdb/19d.benchmark",
    "iteration": 4,
    "result": "correct",
    "time": 0.127352,
  },
  {
    "name": "benchmark/imdb/19d.benchmark",
    "iteration": 5,
    "result": "correct",
    "time": 0.138308,
  },
  {
    "name": "benchmark/imdb/20a.benchmark",
    "iteration": 0,
  },
  {
    "name": "benchmark/imdb/20a.benchmark",
    "iteration": 1,
    "result": "correct",
    "time": 0.116167,
  },
  {
    "name": "benchmark/imdb/20a.benchmark",
    "iteration": 2,
    "result": "correct",
    "time": 0.111201,
  },
  {
    "name": "benchmark/imdb/20a.benchmark",
    "iteration": 3,
    "result": "correct",
    "time": 0.112297,
  },
  {
    "name": "benchmark/imdb/20a.benchmark",
    "iteration": 4,
    "result": "correct",
    "time": 0.108426,
  },
  {
    "name": "benchmark/imdb/20a.benchmark",
    "iteration": 5,
    "result": "correct",
    "time": 0.110951,
  },
  {
    "name": "benchmark/imdb/20b.benchmark",
    "iteration": 0,
  },
  {
    "name": "benchmark/imdb/20b.benchmark",
    "iteration": 1,
    "result": "correct",
    "time": 0.105242,
  },
  {
    "name": "benchmark/imdb/20b.benchmark",
    "iteration": 2,
    "result": "correct",
    "time": 0.107262,
  },
  {
    "name": "benchmark/imdb/20b.benchmark",
    "iteration": 3,
    "result": "correct",
    "time": 0.106458,
  },
  {
    "name": "benchmark/imdb/20b.benchmark",
    "iteration": 4,
    "result": "correct",
    "time": 0.107123,
  },
  {
    "name": "benchmark/imdb/20b.benchmark",
    "iteration": 5,
    "result": "correct",
    "time": 0.111116,
  },
  {
    "name": "benchmark/imdb/20c.benchmark",
    "iteration": 0,
  },
  {
    "name": "benchmark/imdb/20c.benchmark",
    "iteration": 1,
    "result": "correct",
    "time": 0.107777,
  },
  {
    "name": "benchmark/imdb/20c.benchmark",
    "iteration": 2,
    "result": "correct",
    "time": 0.114393,
  },
  {
    "name": "benchmark/imdb/20c.benchmark",
    "iteration": 3,
    "result": "correct",
    "time": 0.107043,
  },
  {
    "name": "benchmark/imdb/20c.benchmark",
    "iteration": 4,
    "result": "correct",
    "time": 0.111006,
  },
  {
    "name": "benchmark/imdb/20c.benchmark",
    "iteration": 5,
    "result": "correct",
    "time": 0.108879,
  },
  {
    "name": "benchmark/imdb/21a.benchmark",
    "iteration": 0,
  },
  {
    "name": "benchmark/imdb/21a.benchmark",
    "iteration": 1,
    "result": "correct",
    "time": 0.022937,
  },
  {
    "name": "benchmark/imdb/21a.benchmark",
    "iteration": 2,
    "result": "correct",
    "time": 0.02272,
  },
  {
    "name": "benchmark/imdb/21a.benchmark",
    "iteration": 3,
    "result": "correct",
    "time": 0.021711,
  },
  {
    "name": "benchmark/imdb/21a.benchmark",
    "iteration": 4,
    "result": "correct",
    "time": 0.021552,
  },
  {
    "name": "benchmark/imdb/21a.benchmark",
    "iteration": 5,
    "result": "correct",
    "time": 0.024106,
  },
  {
    "name": "benchmark/imdb/21b.benchmark",
    "iteration": 0,
  },
  {
    "name": "benchmark/imdb/21b.benchmark",
    "iteration": 1,
    "result": "correct",
    "time": 0.021495,
  },
  {
    "name": "benchmark/imdb/21b.benchmark",
    "iteration": 2,
    "result": "correct",
    "time": 0.01881,
  },
  {
    "name": "benchmark/imdb/21b.benchmark",
    "iteration": 3,
    "result": "correct",
    "time": 0.02271,
  },
  {
    "name": "benchmark/imdb/21b.benchmark",
    "iteration": 4,
    "result": "correct",
    "time": 0.020795,
  },
  {
    "name": "benchmark/imdb/21b.benchmark",
    "iteration": 5,
    "result": "correct",
    "time": 0.020218,
  },
  {
    "name": "benchmark/imdb/21c.benchmark",
    "iteration": 0,
  },
  {
    "name": "benchmark/imdb/21c.benchmark",
    "iteration": 1,
    "result": "correct",
    "time": 0.021115,
  },
  {
    "name": "benchmark/imdb/21c.benchmark",
    "iteration": 2,
    "result": "correct",
    "time": 0.021475,
  },
  {
    "name": "benchmark/imdb/21c.benchmark",
    "iteration": 3,
    "result": "correct",
    "time": 0.02156,
  },
  {
    "name": "benchmark/imdb/21c.benchmark",
    "iteration": 4,
    "result": "correct",
    "time": 0.021178,
  },
  {
    "name": "benchmark/imdb/21c.benchmark",
    "iteration": 5,
    "result": "correct",
    "time": 0.019868,
  },
  {
    "name": "benchmark/imdb/22a.benchmark",
    "iteration": 0,
  },
  {
    "name": "benchmark/imdb/22a.benchmark",
    "iteration": 1,
    "result": "correct",
    "time": 0.062439,
  },
  {
    "name": "benchmark/imdb/22a.benchmark",
    "iteration": 2,
    "result": "correct",
    "time": 0.064959,
  },
  {
    "name": "benchmark/imdb/22a.benchmark",
    "iteration": 3,
    "result": "correct",
    "time": 0.061453,
  },
  {
    "name": "benchmark/imdb/22a.benchmark",
    "iteration": 4,
    "result": "correct",
    "time": 0.063579,
  },
  {
    "name": "benchmark/imdb/22a.benchmark",
    "iteration": 5,
    "result": "correct",
    "time": 0.064214,
  },
  {
    "name": "benchmark/imdb/22b.benchmark",
    "iteration": 0,
  },
  {
    "name": "benchmark/imdb/22b.benchmark",
    "iteration": 1,
    "result": "correct",
    "time": 0.049735,
  },
  {
    "name": "benchmark/imdb/22b.benchmark",
    "iteration": 2,
    "result": "correct",
    "time": 0.059098,
  },
  {
    "name": "benchmark/imdb/22b.benchmark",
    "iteration": 3,
    "result": "correct",
    "time": 0.054726,
  },
  {
    "name": "benchmark/imdb/22b.benchmark",
    "iteration": 4,
    "result": "correct",
    "time": 0.052747,
  },
  {
    "name": "benchmark/imdb/22b.benchmark",
    "iteration": 5,
    "result": "correct",
    "time": 0.051922,
  },
  {
    "name": "benchmark/imdb/22c.benchmark",
    "iteration": 0,
  },
  {
    "name": "benchmark/imdb/22c.benchmark",
    "iteration": 1,
    "result": "correct",
    "time": 0.115078,
  },
  {
    "name": "benchmark/imdb/22c.benchmark",
    "iteration": 2,
    "result": "correct",
    "time": 0.112951,
  },
  {
    "name": "benchmark/imdb/22c.benchmark",
    "iteration": 3,
    "result": "correct",
    "time": 0.110671,
  },
  {
    "name": "benchmark/imdb/22c.benchmark",
    "iteration": 4,
    "result": "correct",
    "time": 0.111691,
  },
  {
    "name": "benchmark/imdb/22c.benchmark",
    "iteration": 5,
    "result": "correct",
    "time": 0.113999,
  },
  {
    "name": "benchmark/imdb/22d.benchmark",
    "iteration": 0,
  },
  {
    "name": "benchmark/imdb/22d.benchmark",
    "iteration": 1,
    "result": "correct",
    "time": 0.166326,
  },
  {
    "name": "benchmark/imdb/22d.benchmark",
    "iteration": 2,
    "result": "correct",
    "time": 0.163356,
  },
  {
    "name": "benchmark/imdb/22d.benchmark",
    "iteration": 3,
    "result": "correct",
    "time": 0.166428,
  },
  {
    "name": "benchmark/imdb/22d.benchmark",
    "iteration": 4,
    "result": "correct",
    "time": 0.179533,
  },
  {
    "name": "benchmark/imdb/22d.benchmark",
    "iteration": 5,
    "result": "correct",
    "time": 0.167411,
  },
  {
    "name": "benchmark/imdb/23a.benchmark",
    "iteration": 0,
  },
  {
    "name": "benchmark/imdb/23a.benchmark",
    "iteration": 1,
    "result": "correct",
    "time": 0.056957,
  },
  {
    "name": "benchmark/imdb/23a.benchmark",
    "iteration": 2,
    "result": "correct",
    "time": 0.05872,
  },
  {
    "name": "benchmark/imdb/23a.benchmark",
    "iteration": 3,
    "result": "correct",
    "time": 0.056459,
  },
  {
    "name": "benchmark/imdb/23a.benchmark",
    "iteration": 4,
    "result": "correct",
    "time": 0.057622,
  },
  {
    "name": "benchmark/imdb/23a.benchmark",
    "iteration": 5,
    "result": "correct",
    "time": 0.060174,
  },
  {
    "name": "benchmark/imdb/23b.benchmark",
    "iteration": 0,
  },
  {
    "name": "benchmark/imdb/23b.benchmark",
    "iteration": 1,
    "result": "correct",
    "time": 0.050551,
  },
  {
    "name": "benchmark/imdb/23b.benchmark",
    "iteration": 2,
    "result": "correct",
    "time": 0.054769,
  },
  {
    "name": "benchmark/imdb/23b.benchmark",
    "iteration": 3,
    "result": "correct",
    "time": 0.053452,
  },
  {
    "name": "benchmark/imdb/23b.benchmark",
    "iteration": 4,
    "result": "correct",
    "time": 0.054969,
  },
  {
    "name": "benchmark/imdb/23b.benchmark",
    "iteration": 5,
    "result": "correct",
    "time": 0.049708,
  },
  {
    "name": "benchmark/imdb/23c.benchmark",
    "iteration": 0,
  },
  {
    "name": "benchmark/imdb/23c.benchmark",
    "iteration": 1,
    "result": "correct",
    "time": 0.062749,
  },
  {
    "name": "benchmark/imdb/23c.benchmark",
    "iteration": 2,
    "result": "correct",
    "time": 0.06068,
  },
  {
    "name": "benchmark/imdb/23c.benchmark",
    "iteration": 3,
    "result": "correct",
    "time": 0.061952,
  },
  {
    "name": "benchmark/imdb/23c.benchmark",
    "iteration": 4,
    "result": "correct",
    "time": 0.064575,
  },
  {
    "name": "benchmark/imdb/23c.benchmark",
    "iteration": 5,
    "result": "correct",
    "time": 0.06429,
  },
  {
    "name": "benchmark/imdb/24a.benchmark",
    "iteration": 0,
  },
  {
    "name": "benchmark/imdb/24a.benchmark",
    "iteration": 1,
    "result": "correct",
    "time": 0.112583,
  },
  {
    "name": "benchmark/imdb/24a.benchmark",
    "iteration": 2,
    "result": "correct",
    "time": 0.109328,
  },
  {
    "name": "benchmark/imdb/24a.benchmark",
    "iteration": 3,
    "result": "correct",
    "time": 0.113994,
  },
  {
    "name": "benchmark/imdb/24a.benchmark",
    "iteration": 4,
    "result": "correct",
    "time": 0.119654,
  },
  {
    "name": "benchmark/imdb/24a.benchmark",
    "iteration": 5,
    "result": "correct",
    "time": 0.116098,
  },
  {
    "name": "benchmark/imdb/24b.benchmark",
    "iteration": 0,
  },
  {
    "name": "benchmark/imdb/24b.benchmark",
    "iteration": 1,
    "result": "correct",
    "time": 0.098688,
  },
  {
    "name": "benchmark/imdb/24b.benchmark",
    "iteration": 2,
    "result": "correct",
    "time": 0.093176,
  },
  {
    "name": "benchmark/imdb/24b.benchmark",
    "iteration": 3,
    "result": "correct",
    "time": 0.093755,
  },
  {
    "name": "benchmark/imdb/24b.benchmark",
    "iteration": 4,
    "result": "correct",
    "time": 0.095245,
  },
  {
    "name": "benchmark/imdb/24b.benchmark",
    "iteration": 5,
    "result": "correct",
    "time": 0.097786,
  },
  {
    "name": "benchmark/imdb/25a.benchmark",
    "iteration": 0,
  },
  {
    "name": "benchmark/imdb/25a.benchmark",
    "iteration": 1,
    "result": "correct",
    "time": 0.108994,
  },
  {
    "name": "benchmark/imdb/25a.benchmark",
    "iteration": 2,
    "result": "correct",
    "time": 0.10616,
  },
  {
    "name": "benchmark/imdb/25a.benchmark",
    "iteration": 3,
    "result": "correct",
    "time": 0.106199,
  },
  {
    "name": "benchmark/imdb/25a.benchmark",
    "iteration": 4,
    "result": "correct",
    "time": 0.107786,
  },
  {
    "name": "benchmark/imdb/25a.benchmark",
    "iteration": 5,
    "result": "correct",
    "time": 0.104236,
  },
  {
    "name": "benchmark/imdb/25b.benchmark",
    "iteration": 0,
  },
  {
    "name": "benchmark/imdb/25b.benchmark",
    "iteration": 1,
    "result": "correct",
    "time": 0.056111,
  },
  {
    "name": "benchmark/imdb/25b.benchmark",
    "iteration": 2,
    "result": "correct",
    "time": 0.050506,
  },
  {
    "name": "benchmark/imdb/25b.benchmark",
    "iteration": 3,
    "result": "correct",
    "time": 0.052465,
  },
  {
    "name": "benchmark/imdb/25b.benchmark",
    "iteration": 4,
    "result": "correct",
    "time": 0.054794,
  },
  {
    "name": "benchmark/imdb/25b.benchmark",
    "iteration": 5,
    "result": "correct",
    "time": 0.0549,
  },
  {
    "name": "benchmark/imdb/25c.benchmark",
    "iteration": 0,
  },
  {
    "name": "benchmark/imdb/25c.benchmark",
    "iteration": 1,
    "result": "correct",
    "time": 0.15936,
  },
  {
    "name": "benchmark/imdb/25c.benchmark",
    "iteration": 2,
    "result": "correct",
    "time": 0.15652,
  },
  {
    "name": "benchmark/imdb/25c.benchmark",
    "iteration": 3,
    "result": "correct",
    "time": 0.151779,
  },
  {
    "name": "benchmark/imdb/25c.benchmark",
    "iteration": 4,
    "result": "correct",
    "time": 0.156729,
  },
  {
    "name": "benchmark/imdb/25c.benchmark",
    "iteration": 5,
    "result": "correct",
    "time": 0.154655,
  },
  {
    "name": "benchmark/imdb/26a.benchmark",
    "iteration": 0,
  },
  {
    "name": "benchmark/imdb/26a.benchmark",
    "iteration": 1,
    "result": "correct",
    "time": 0.097676,
  },
  {
    "name": "benchmark/imdb/26a.benchmark",
    "iteration": 2,
    "result": "correct",
    "time": 0.098515,
  },
  {
    "name": "benchmark/imdb/26a.benchmark",
    "iteration": 3,
    "result": "correct",
    "time": 0.100265,
  },
  {
    "name": "benchmark/imdb/26a.benchmark",
    "iteration": 4,
    "result": "correct",
    "time": 0.100027,
  },
  {
    "name": "benchmark/imdb/26a.benchmark",
    "iteration": 5,
    "result": "correct",
    "time": 0.09707,
  },
  {
    "name": "benchmark/imdb/26b.benchmark",
    "iteration": 0,
  },
  {
    "name": "benchmark/imdb/26b.benchmark",
    "iteration": 1,
    "result": "correct",
    "time": 0.113602,
  },
  {
    "name": "benchmark/imdb/26b.benchmark",
    "iteration": 2,
    "result": "correct",
    "time": 0.079426,
  },
  {
    "name": "benchmark/imdb/26b.benchmark",
    "iteration": 3,
    "result": "correct",
    "time": 0.078962,
  },
  {
    "name": "benchmark/imdb/26b.benchmark",
    "iteration": 4,
    "result": "correct",
    "time": 0.077,
  },
  {
    "name": "benchmark/imdb/26b.benchmark",
    "iteration": 5,
    "result": "correct",
    "time": 0.080449,
  },
  {
    "name": "benchmark/imdb/26c.benchmark",
    "iteration": 0,
  },
  {
    "name": "benchmark/imdb/26c.benchmark",
    "iteration": 1,
    "result": "correct",
    "time": 0.112474,
  },
  {
    "name": "benchmark/imdb/26c.benchmark",
    "iteration": 2,
    "result": "correct",
    "time": 0.111952,
  },
  {
    "name": "benchmark/imdb/26c.benchmark",
    "iteration": 3,
    "result": "correct",
    "time": 0.115606,
  },
  {
    "name": "benchmark/imdb/26c.benchmark",
    "iteration": 4,
    "result": "correct",
    "time": 0.110163,
  },
  {
    "name": "benchmark/imdb/26c.benchmark",
    "iteration": 5,
    "result": "correct",
    "time": 0.110497,
  },
  {
    "name": "benchmark/imdb/27a.benchmark",
    "iteration": 0,
  },
  {
    "name": "benchmark/imdb/27a.benchmark",
    "iteration": 1,
    "result": "correct",
    "time": 0.01904,
  },
  {
    "name": "benchmark/imdb/27a.benchmark",
    "iteration": 2,
    "result": "correct",
    "time": 0.021908,
  },
  {
    "name": "benchmark/imdb/27a.benchmark",
    "iteration": 3,
    "result": "correct",
    "time": 0.02244,
  },
  {
    "name": "benchmark/imdb/27a.benchmark",
    "iteration": 4,
    "result": "correct",
    "time": 0.021038,
  },
  {
    "name": "benchmark/imdb/27a.benchmark",
    "iteration": 5,
    "result": "correct",
    "time": 0.02106,
  },
  {
    "name": "benchmark/imdb/27b.benchmark",
    "iteration": 0,
  },
  {
    "name": "benchmark/imdb/27b.benchmark",
    "iteration": 1,
    "result": "correct",
    "time": 0.020359,
  },
  {
    "name": "benchmark/imdb/27b.benchmark",
    "iteration": 2,
    "result": "correct",
    "time": 0.020711,
  },
  {
    "name": "benchmark/imdb/27b.benchmark",
    "iteration": 3,
    "result": "correct",
    "time": 0.022506,
  },
  {
    "name": "benchmark/imdb/27b.benchmark",
    "iteration": 4,
    "result": "correct",
    "time": 0.022017,
  },
  {
    "name": "benchmark/imdb/27b.benchmark",
    "iteration": 5,
    "result": "correct",
    "time": 0.019332,
  },
  {
    "name": "benchmark/imdb/27c.benchmark",
    "iteration": 0,
  },
  {
    "name": "benchmark/imdb/27c.benchmark",
    "iteration": 1,
    "result": "correct",
    "time": 0.024013,
  },
  {
    "name": "benchmark/imdb/27c.benchmark",
    "iteration": 2,
    "result": "correct",
    "time": 0.025715,
  },
  {
    "name": "benchmark/imdb/27c.benchmark",
    "iteration": 3,
    "result": "correct",
    "time": 0.026414,
  },
  {
    "name": "benchmark/imdb/27c.benchmark",
    "iteration": 4,
    "result": "correct",
    "time": 0.025337,
  },
  {
    "name": "benchmark/imdb/27c.benchmark",
    "iteration": 5,
    "result": "correct",
    "time": 0.025413,
  },
  {
    "name": "benchmark/imdb/28a.benchmark",
    "iteration": 0,
  },
  {
    "name": "benchmark/imdb/28a.benchmark",
    "iteration": 1,
    "result": "correct",
    "time": 0.095315,
  },
  {
    "name": "benchmark/imdb/28a.benchmark",
    "iteration": 2,
    "result": "correct",
    "time": 0.096696,
  },
  {
    "name": "benchmark/imdb/28a.benchmark",
    "iteration": 3,
    "result": "correct",
    "time": 0.095964,
  },
  {
    "name": "benchmark/imdb/28a.benchmark",
    "iteration": 4,
    "result": "correct",
    "time": 0.095365,
  },
  {
    "name": "benchmark/imdb/28a.benchmark",
    "iteration": 5,
    "result": "correct",
    "time": 0.093031,
  },
  {
    "name": "benchmark/imdb/28b.benchmark",
    "iteration": 0,
  },
  {
    "name": "benchmark/imdb/28b.benchmark",
    "iteration": 1,
    "result": "correct",
    "time": 0.071212,
  },
  {
    "name": "benchmark/imdb/28b.benchmark",
    "iteration": 2,
    "result": "correct",
    "time": 0.069582,
  },
  {
    "name": "benchmark/imdb/28b.benchmark",
    "iteration": 3,
    "result": "correct",
    "time": 0.07068,
  },
  {
    "name": "benchmark/imdb/28b.benchmark",
    "iteration": 4,
    "result": "correct",
    "time": 0.063431,
  },
  {
    "name": "benchmark/imdb/28b.benchmark",
    "iteration": 5,
    "result": "correct",
    "time": 0.0711,
  },
  {
    "name": "benchmark/imdb/28c.benchmark",
    "iteration": 0,
  },
  {
    "name": "benchmark/imdb/28c.benchmark",
    "iteration": 1,
    "result": "correct",
    "time": 0.09653,
  },
  {
    "name": "benchmark/imdb/28c.benchmark",
    "iteration": 2,
    "result": "correct",
    "time": 0.095481,
  },
  {
    "name": "benchmark/imdb/28c.benchmark",
    "iteration": 3,
    "result": "correct",
    "time": 0.091327,
  },
  {
    "name": "benchmark/imdb/28c.benchmark",
    "iteration": 4,
    "result": "correct",
    "time": 0.099904,
  },
  {
    "name": "benchmark/imdb/28c.benchmark",
    "iteration": 5,
    "result": "correct",
    "time": 0.09811,
  },
  {
    "name": "benchmark/imdb/29a.benchmark",
    "iteration": 0,
  },
  {
    "name": "benchmark/imdb/29a.benchmark",
    "iteration": 1,
    "result": "correct",
    "time": 0.067632,
  },
  {
    "name": "benchmark/imdb/29a.benchmark",
    "iteration": 2,
    "result": "correct",
    "time": 0.066205,
  },
  {
    "name": "benchmark/imdb/29a.benchmark",
    "iteration": 3,
    "result": "correct",
    "time": 0.066638,
  },
  {
    "name": "benchmark/imdb/29a.benchmark",
    "iteration": 4,
    "result": "correct",
    "time": 0.062672,
  },
  {
    "name": "benchmark/imdb/29a.benchmark",
    "iteration": 5,
    "result": "correct",
    "time": 0.06171,
  },
  {
    "name": "benchmark/imdb/29b.benchmark",
    "iteration": 0,
  },
  {
    "name": "benchmark/imdb/29b.benchmark",
    "iteration": 1,
    "result": "correct",
    "time": 0.085003,
  },
  {
    "name": "benchmark/imdb/29b.benchmark",
    "iteration": 2,
    "result": "correct",
    "time": 0.084672,
  },
  {
    "name": "benchmark/imdb/29b.benchmark",
    "iteration": 3,
    "result": "correct",
    "time": 0.086418,
  },
  {
    "name": "benchmark/imdb/29b.benchmark",
    "iteration": 4,
    "result": "correct",
    "time": 0.085659,
  },
  {
    "name": "benchmark/imdb/29b.benchmark",
    "iteration": 5,
    "result": "correct",
    "time": 0.084652,
  },
  {
    "name": "benchmark/imdb/29c.benchmark",
    "iteration": 0,
  },
  {
    "name": "benchmark/imdb/29c.benchmark",
    "iteration": 1,
    "result": "correct",
    "time": 0.120941,
  },
  {
    "name": "benchmark/imdb/29c.benchmark",
    "iteration": 2,
    "result": "correct",
    "time": 0.120341,
  },
  {
    "name": "benchmark/imdb/29c.benchmark",
    "iteration": 3,
    "result": "correct",
    "time": 0.129579,
  },
  {
    "name": "benchmark/imdb/29c.benchmark",
    "iteration": 4,
    "result": "correct",
    "time": 0.126935,
  },
  {
    "name": "benchmark/imdb/29c.benchmark",
    "iteration": 5,
    "result": "correct",
    "time": 0.123321,
  },
  {
    "name": "benchmark/imdb/30a.benchmark",
    "iteration": 0,
  },
  {
    "name": "benchmark/imdb/30a.benchmark",
    "iteration": 1,
    "result": "correct",
    "time": 0.101919,
  },
  {
    "name": "benchmark/imdb/30a.benchmark",
    "iteration": 2,
    "result": "correct",
    "time": 0.101879,
  },
  {
    "name": "benchmark/imdb/30a.benchmark",
    "iteration": 3,
    "result": "correct",
    "time": 0.100063,
  },
  {
    "name": "benchmark/imdb/30a.benchmark",
    "iteration": 4,
    "result": "correct",
    "time": 0.099355,
  },
  {
    "name": "benchmark/imdb/30a.benchmark",
    "iteration": 5,
    "result": "correct",
    "time": 0.103073,
  },
  {
    "name": "benchmark/imdb/30b.benchmark",
    "iteration": 0,
  },
  {
    "name": "benchmark/imdb/30b.benchmark",
    "iteration": 1,
    "result": "correct",
    "time": 0.077284,
  },
  {
    "name": "benchmark/imdb/30b.benchmark",
    "iteration": 2,
    "result": "correct",
    "time": 0.076931,
  },
  {
    "name": "benchmark/imdb/30b.benchmark",
    "iteration": 3,
    "result": "correct",
    "time": 0.075088,
  },
  {
    "name": "benchmark/imdb/30b.benchmark",
    "iteration": 4,
    "result": "correct",
    "time": 0.074549,
  },
  {
    "name": "benchmark/imdb/30b.benchmark",
    "iteration": 5,
    "result": "correct",
    "time": 0.076448,
  },
  {
    "name": "benchmark/imdb/30c.benchmark",
    "iteration": 0,
  },
  {
    "name": "benchmark/imdb/30c.benchmark",
    "iteration": 1,
    "result": "correct",
    "time": 0.115088,
  },
  {
    "name": "benchmark/imdb/30c.benchmark",
    "iteration": 2,
    "result": "correct",
    "time": 0.116265,
  },
  {
    "name": "benchmark/imdb/30c.benchmark",
    "iteration": 3,
    "result": "correct",
    "time": 0.115135,
  },
  {
    "name": "benchmark/imdb/30c.benchmark",
    "iteration": 4,
    "result": "correct",
    "time": 0.1131,
  },
  {
    "name": "benchmark/imdb/30c.benchmark",
    "iteration": 5,
    "result": "correct",
    "time": 0.11908,
  },
  {
    "name": "benchmark/imdb/31a.benchmark",
    "iteration": 0,
  },
  {
    "name": "benchmark/imdb/31a.benchmark",
    "iteration": 1,
    "result": "correct",
    "time": 0.100146,
  },
  {
    "name": "benchmark/imdb/31a.benchmark",
    "iteration": 2,
    "result": "correct",
    "time": 0.099881,
  },
  {
    "name": "benchmark/imdb/31a.benchmark",
    "iteration": 3,
    "result": "correct",
    "time": 0.10076,
  },
  {
    "name": "benchmark/imdb/31a.benchmark",
    "iteration": 4,
    "result": "correct",
    "time": 0.10049,
  },
  {
    "name": "benchmark/imdb/31a.benchmark",
    "iteration": 5,
    "result": "correct",
    "time": 0.103296,
  },
  {
    "name": "benchmark/imdb/31b.benchmark",
    "iteration": 0,
  },
  {
    "name": "benchmark/imdb/31b.benchmark",
    "iteration": 1,
    "result": "correct",
    "time": 0.05783,
  },
  {
    "name": "benchmark/imdb/31b.benchmark",
    "iteration": 2,
    "result": "correct",
    "time": 0.057327,
  },
  {
    "name": "benchmark/imdb/31b.benchmark",
    "iteration": 3,
    "result": "correct",
    "time": 0.05517,
  },
  {
    "name": "benchmark/imdb/31b.benchmark",
    "iteration": 4,
    "result": "correct",
    "time": 0.056704,
  },
  {
    "name": "benchmark/imdb/31b.benchmark",
    "iteration": 5,
    "result": "correct",
    "time": 0.054341,
  },
  {
    "name": "benchmark/imdb/31c.benchmark",
    "iteration": 0,
  },
  {
    "name": "benchmark/imdb/31c.benchmark",
    "iteration": 1,
    "result": "correct",
    "time": 0.107757,
  },
  {
    "name": "benchmark/imdb/31c.benchmark",
    "iteration": 2,
    "result": "correct",
    "time": 0.109125,
  },
  {
    "name": "benchmark/imdb/31c.benchmark",
    "iteration": 3,
    "result": "correct",
    "time": 0.108498,
  },
  {
    "name": "benchmark/imdb/31c.benchmark",
    "iteration": 4,
    "result": "correct",
    "time": 0.109601,
  },
  {
    "name": "benchmark/imdb/31c.benchmark",
    "iteration": 5,
    "result": "correct",
    "time": 0.108916,
  },
  {
    "name": "benchmark/imdb/32a.benchmark",
    "iteration": 0,
  },
  {
    "name": "benchmark/imdb/32a.benchmark",
    "iteration": 1,
    "result": "correct",
    "time": 0.006753,
  },
  {
    "name": "benchmark/imdb/32a.benchmark",
    "iteration": 2,
    "result": "correct",
    "time": 0.007058,
  },
  {
    "name": "benchmark/imdb/32a.benchmark",
    "iteration": 3,
    "result": "correct",
    "time": 0.007813,
  },
  {
    "name": "benchmark/imdb/32a.benchmark",
    "iteration": 4,
    "result": "correct",
    "time": 0.00688,
  },
  {
    "name": "benchmark/imdb/32a.benchmark",
    "iteration": 5,
    "result": "correct",
    "time": 0.00755,
  },
  {
    "name": "benchmark/imdb/32b.benchmark",
    "iteration": 0,
  },
  {
    "name": "benchmark/imdb/32b.benchmark",
    "iteration": 1,
    "result": "correct",
    "time": 0.021676,
  },
  {
    "name": "benchmark/imdb/32b.benchmark",
    "iteration": 2,
    "result": "correct",
    "time": 0.021488,
  },
  {
    "name": "benchmark/imdb/32b.benchmark",
    "iteration": 3,
    "result": "correct",
    "time": 0.020602,
  },
  {
    "name": "benchmark/imdb/32b.benchmark",
    "iteration": 4,
    "result": "correct",
    "time": 0.018326,
  },
  {
    "name": "benchmark/imdb/32b.benchmark",
    "iteration": 5,
    "result": "correct",
    "time": 0.018031,
  },
  {
    "name": "benchmark/imdb/33a.benchmark",
    "iteration": 0,
  },
  {
    "name": "benchmark/imdb/33a.benchmark",
    "iteration": 1,
    "result": "correct",
    "time": 0.025851,
  },
  {
    "name": "benchmark/imdb/33a.benchmark",
    "iteration": 2,
    "result": "correct",
    "time": 0.025216,
  },
  {
    "name": "benchmark/imdb/33a.benchmark",
    "iteration": 3,
    "result": "correct",
    "time": 0.025413,
  },
  {
    "name": "benchmark/imdb/33a.benchmark",
    "iteration": 4,
    "result": "correct",
    "time": 0.02322,
  },
  {
    "name": "benchmark/imdb/33a.benchmark",
    "iteration": 5,
    "result": "correct",
    "time": 0.025411,
  },
  {
    "name": "benchmark/imdb/33b.benchmark",
    "iteration": 0,
  },
  {
    "name": "benchmark/imdb/33b.benchmark",
    "iteration": 1,
    "result": "correct",
    "time": 0.028107,
  },
  {
    "name": "benchmark/imdb/33b.benchmark",
    "iteration": 2,
    "result": "correct",
    "time": 0.02862,
  },
  {
    "name": "benchmark/imdb/33b.benchmark",
    "iteration": 3,
    "result": "correct",
    "time": 0.027294,
  },
  {
    "name": "benchmark/imdb/33b.benchmark",
    "iteration": 4,
    "result": "correct",
    "time": 0.026852,
  },
  {
    "name": "benchmark/imdb/33b.benchmark",
    "iteration": 5,
    "result": "correct",
    "time": 0.028893,
  },
  {
    "name": "benchmark/imdb/33c.benchmark",
    "iteration": 0,
  },
  {
    "name": "benchmark/imdb/33c.benchmark",
    "iteration": 1,
    "result": "correct",
    "time": 0.031725,
  },
  {
    "name": "benchmark/imdb/33c.benchmark",
    "iteration": 2,
    "result": "correct",
    "time": 0.033016,
  },
  {
    "name": "benchmark/imdb/33c.benchmark",
    "iteration": 3,
    "result": "correct",
    "time": 0.035352,
  },
  {
    "name": "benchmark/imdb/33c.benchmark",
    "iteration": 4,
    "result": "correct",
    "time": 0.035626,
  },
  {
    "name": "benchmark/imdb/33c.benchmark",
    "iteration": 5,
    "result": "correct",
    "time": 0.033825,
  },
]
